therion 6.3.1 (2024-11-22)
  - using Proj 9.4.1, compiled against 9.4.1
initialization file: C:\Program Files\Therion/therion.ini
reading ... done
configuration file: B3-Bourrugues.thconfig
reading ... done
reading source files ... done
preprocessing database ... done
output coordinate system: UTM30
meridian convergence (deg): -1.5407
geomag declinations (deg):
  1990.1.1  -3.5691
  1991.1.1  -3.4522
  1992.1.1  -3.3355
  1993.1.1  -3.2189
  1994.1.1  -3.1024
  1995.1.1  -2.9861
  1996.1.1  -2.8462
  1997.1.1  -2.7064
  1998.1.1  -2.5669
  1999.1.1  -2.4275
  2000.1.1  -2.2883
  2001.1.1  -2.1633
  2002.1.1  -2.0385
  2003.1.1  -1.9139
  2004.1.1  -1.7895
  2005.1.1  -1.6652
  2006.1.1  -1.5415
  2007.1.1  -1.4180
  2008.1.1  -1.2947
  2009.1.1  -1.1716
  2010.1.1  -1.0488
  2011.1.1  -0.9111
  2012.1.1  -0.7737
  2013.1.1  -0.6365
  2014.1.1  -0.4995
  2015.1.1  -0.3628
  2016.1.1  -0.2072
scanning centreline tree ... done
searching for centerline loops ... done
calculating station coordinates ... done
calculating basic statistics ... done
processing extended elevation ... done
processing references ... done
selecting export objects ... done
writing Outputs/B3-Bourrugues.lox ...
processing projection plan ... done
 done
writing Outputs/B3-Bourrugues.kml ... done
writing Outputs/B3-Bourrugues-Cave-list.html ... done
writing Outputs/B3-Bourrugues-Surveys.html ... done
compilation time: 0 sec

############# CRS transformations chosen by PROJ ###############
  Area of Use (AoU): (-0.741, 42.978) (-0.741, 42.978)
  [UTM30 → LONG-LAT] AoU: [yes] transformation: [Inverse of UTM zone 30N + axis order change (2D)] definition: [proj=pipeline step inv proj=utm zone=30 ellps=WGS84 step proj=unitconvert xy_in=rad xy_out=deg] accuracy: [0.000 m]
  [UTM30 → LAT-LONG] AoU: [no] transformation: [Inverse of UTM zone 30N + axis order change (2D)] definition: [proj=pipeline step inv proj=utm zone=30 ellps=WGS84 step proj=unitconvert xy_in=rad xy_out=deg] accuracy: [0.000 m]
  [UTM30 → UTM30] AoU: [yes] transformation: [Inverse of UTM zone 30N + UTM zone 30N] definition: [proj=noop ellps=GRS80] accuracy: [0.000 m]
  [UTM30 → EPSG:4326] AoU: [yes] transformation: [Inverse of UTM zone 30N + axis order change (2D)] definition: [proj=pipeline step inv proj=utm zone=30 ellps=WGS84 step proj=unitconvert xy_in=rad xy_out=deg] accuracy: [0.000 m]
  [EPSG:4326 → UTM30] AoU: [yes] transformation: [axis order change (2D) + UTM zone 30N] definition: [proj=pipeline step proj=unitconvert xy_in=deg xy_out=rad step proj=utm zone=30 ellps=WGS84] accuracy: [0.000 m]
########## end of CRS transformations chosen by PROJ ###########
