therion 6.3.1 (2024-11-22)
  - using Proj 9.4.1, compiled against 9.4.1
initialization file: C:\Program Files\Therion/therion.ini
reading ... done
configuration file: B3_Entree.thconfig
reading ... done
reading source files ... done
preprocessing database ... done
output coordinate system: UTM30
meridian convergence (deg): -1.5407
geomag declinations (deg):
  1990.1.1  -3.5691
  1991.1.1  -3.4522
  1992.1.1  -3.3355
scanning centreline tree ... done
searching for centerline loops ... done
calculating station coordinates ... done
calculating basic statistics ... done
processing extended elevation ... done
processing references ... done
selecting export objects ... done
processing projection plan ... done
writing Data/B3_Entree-map.xvi ... done
writing Outputs/B3_Entree.lox ... done
writing Outputs/B3_Entree.kml ... done
writing Outputs/B3_Entree-Cave-list.html ... done
writing Outputs/B3_Entree-Surveys.html ... done
compilation time: 0 sec

############# CRS transformations chosen by PROJ ###############
  Area of Use (AoU): (-0.741, 42.978) (-0.741, 42.978)
  [UTM30 → LONG-LAT] AoU: [yes] transformation: [Inverse of UTM zone 30N + axis order change (2D)] definition: [proj=pipeline step inv proj=utm zone=30 ellps=WGS84 step proj=unitconvert xy_in=rad xy_out=deg] accuracy: [0.000 m]
  [UTM30 → LAT-LONG] AoU: [no] transformation: [Inverse of UTM zone 30N + axis order change (2D)] definition: [proj=pipeline step inv proj=utm zone=30 ellps=WGS84 step proj=unitconvert xy_in=rad xy_out=deg] accuracy: [0.000 m]
  [UTM30 → UTM30] AoU: [yes] transformation: [Inverse of UTM zone 30N + UTM zone 30N] definition: [proj=noop ellps=GRS80] accuracy: [0.000 m]
  [UTM30 → EPSG:4326] AoU: [yes] transformation: [Inverse of UTM zone 30N + axis order change (2D)] definition: [proj=pipeline step inv proj=utm zone=30 ellps=WGS84 step proj=unitconvert xy_in=rad xy_out=deg] accuracy: [0.000 m]
  [EPSG:4326 → UTM30] AoU: [yes] transformation: [axis order change (2D) + UTM zone 30N] definition: [proj=pipeline step proj=unitconvert xy_in=deg xy_out=rad step proj=utm zone=30 ellps=WGS84] accuracy: [0.000 m]
########## end of CRS transformations chosen by PROJ ###########
