therion 6.3.3 (2025-01-06)
  - using Proj 9.4.1, compiled against 9.4.1
initialization file: C:\Program Files\Therion/therion.ini
reading ... done
configuration file: Coupe-GL102.thconfig
reading ... done
reading source files ... done
preprocessing database ... done
output coordinate system: UTM30
meridian convergence (deg): -1.5326
geomag declinations (deg):
  1971.1.1  -6.0946
  1972.1.1  -5.9905
  1973.1.1  -5.8867
  1974.1.1  -5.7833
  1975.1.1  -5.6802
  1976.1.1  -5.5280
  1977.1.1  -5.3762
  1978.1.1  -5.2248
  1979.1.1  -5.0737
  1980.1.1  -4.9230
  1981.1.1  -4.7809
  1982.1.1  -4.6390
  1983.1.1  -4.4974
  1984.1.1  -4.3559
  1985.1.1  -4.2146
  1986.1.1  -4.0861
  1987.1.1  -3.9576
  1988.1.1  -3.8293
  1989.1.1  -3.7011
  1990.1.1  -3.5730
  1991.1.1  -3.4561
  1992.1.1  -3.3394
  1993.1.1  -3.2228
  1994.1.1  -3.1063
  1995.1.1  -2.9899
  1996.1.1  -2.8500
  1997.1.1  -2.7102
  1998.1.1  -2.5706
  1999.1.1  -2.4311
  2000.1.1  -2.2919
  2001.1.1  -2.1669
  2002.1.1  -2.0421
  2003.1.1  -1.9175
  2004.1.1  -1.7930
  2005.1.1  -1.6686
  2006.1.1  -1.5449
  2007.1.1  -1.4214
  2008.1.1  -1.2981
  2009.1.1  -1.1750
  2010.1.1  -1.0522
  2011.1.1  -0.9145
  2012.1.1  -0.7770
  2013.1.1  -0.6398
  2014.1.1  -0.5028
  2015.1.1  -0.3660
  2016.1.1  -0.2109
  2017.1.1  -0.0560
  2018.1.1  0.0985
  2019.1.1  0.2529
  2020.1.1  0.4069
  2021.1.1  0.5509
  2022.1.1  0.6947
  2023.1.1  0.8383
  2024.1.1  0.9818
  2025.1.1  1.1251
scanning centreline tree ... done
searching for centerline loops ... done
calculating station coordinates ... done
average loop error: 3.02%
processing survey data ... 
####################### cavern log file ########################
 1> Survex 1.4.15
 2> Copyright ¸ 1990-2024 Olly Betts
 3> 
 4> La topographie contient 3971 stations, connect‚es par 3968 vis‚es.
 5> Il y a 4 bouclages.
 6> La topographie contient 7 composants connect‚s.
 7> Longueur totale de la topographie = 16304.24m (16300.91m ajust‚)
 8> Longueur totale en projection horizontale = 14832.81m
 9> Longueur totale verticale = 3657.63m
10> Intervalle vertical = 767.24m (de 980 … 1720.00m jusqu'… 1510 … 952.76m)
11> Intervalle Nord-Sud = 2825.38m (de 1510 … 4762904.08m jusqu'… 1862 … 4760078.70m)
12> Intervalle Est-Ouest = 3981.83m (de 980 … 685335.00m jusqu'… 3527 … 681353.17m)
13> 1841 1-noeuds.
14> 1809 2-noeuds.
15>   71 3-noeuds.
16>   15 4-noeuds.
17>   37 5-noeuds.
18>   25 6-noeuds.
19>   16 7-noeuds.
20>   16 8-noeuds.
21>   23 9-noeuds.
22>   34 10-noeuds.
23>   22 11-noeuds.
24>   21 12-noeuds.
25>   13 13-noeuds.
26>   16 14-noeuds.
27>    3 15-noeuds.
28>    6 16-noeuds.
29>    1 17-noeud.
30>    1 18-noeud.
31>    1 19-noeud.
32> 
######################### transcription ########################
 4> 3971 : -@NL31_Entree.NL31_Squelettes.Complexe_Lonne_Peyret-Bourrugues -- 3968 : .@GL102_Amont_01.Gouffre_du_Lonne_Peyret.Complexe_Lonne_Peyret-Bourrugues
 5> 4 : AP2@AP7_Entree.AP7_Entree.AP7_Arres_Planeres.Complexe_Lonne_Peyret-Bourrugues
 6> 7 : AP5@AP7_Entree.AP7_Entree.AP7_Arres_Planeres.Complexe_Lonne_Peyret-Bourrugues
10> 980 : -@AP260_Entree.AP260.Complexe_Lonne_Peyret-Bourrugues -- 1510 : N-00@B3_Aval_02.B3_Aval.B3-Bourrugues.Complexe_Lonne_Peyret-Bourrugues
11> 1510 : N-00@B3_Aval_02.B3_Aval.B3-Bourrugues.Complexe_Lonne_Peyret-Bourrugues -- 1862 : G@GL4_Amonts.GL04_Amonts.Complexe_Lonne_Peyret-Bourrugues
12> 980 : -@AP260_Entree.AP260.Complexe_Lonne_Peyret-Bourrugues -- 3527 : .@GL102_Riviere.Gouffre_du_Lonne_Peyret.Complexe_Lonne_Peyret-Bourrugues
13> 1841 : 101@GL4_Amonts.GL04_Amonts.Complexe_Lonne_Peyret-Bourrugues
14> 1809 : 69@GL4_Amonts.GL04_Amonts.Complexe_Lonne_Peyret-Bourrugues
15> 71 : L02@AP7_Entree.AP7_Entree.AP7_Arres_Planeres.Complexe_Lonne_Peyret-Bourrugues
16> 15 : AP13@AP7_Entree.AP7_Entree.AP7_Arres_Planeres.Complexe_Lonne_Peyret-Bourrugues
17> 37 : AP35@AP7_Entree.AP7_Entree.AP7_Arres_Planeres.Complexe_Lonne_Peyret-Bourrugues
18> 25 : AP23@AP7_Entree.AP7_Entree.AP7_Arres_Planeres.Complexe_Lonne_Peyret-Bourrugues
19> 16 : AP14@AP7_Entree.AP7_Entree.AP7_Arres_Planeres.Complexe_Lonne_Peyret-Bourrugues
20> 16 : AP14@AP7_Entree.AP7_Entree.AP7_Arres_Planeres.Complexe_Lonne_Peyret-Bourrugues
21> 23 : AP21@AP7_Entree.AP7_Entree.AP7_Arres_Planeres.Complexe_Lonne_Peyret-Bourrugues
22> 34 : AP32@AP7_Entree.AP7_Entree.AP7_Arres_Planeres.Complexe_Lonne_Peyret-Bourrugues
23> 22 : AP20@AP7_Entree.AP7_Entree.AP7_Arres_Planeres.Complexe_Lonne_Peyret-Bourrugues
24> 21 : AP19@AP7_Entree.AP7_Entree.AP7_Arres_Planeres.Complexe_Lonne_Peyret-Bourrugues
25> 13 : AP11@AP7_Entree.AP7_Entree.AP7_Arres_Planeres.Complexe_Lonne_Peyret-Bourrugues
26> 16 : AP14@AP7_Entree.AP7_Entree.AP7_Arres_Planeres.Complexe_Lonne_Peyret-Bourrugues
27> 3 : AP1@AP7_Entree.AP7_Entree.AP7_Arres_Planeres.Complexe_Lonne_Peyret-Bourrugues
28> 6 : AP4@AP7_Entree.AP7_Entree.AP7_Arres_Planeres.Complexe_Lonne_Peyret-Bourrugues
29> 1 : AP_7@AP7_Entree.AP7_Entree.AP7_Arres_Planeres.Complexe_Lonne_Peyret-Bourrugues
30> 1 : AP_7@AP7_Entree.AP7_Entree.AP7_Arres_Planeres.Complexe_Lonne_Peyret-Bourrugues
31> 1 : AP_7@AP7_Entree.AP7_Entree.AP7_Arres_Planeres.Complexe_Lonne_Peyret-Bourrugues
#################### end of cavern log file ####################
done
calculating basic statistics ... done
processing extended elevation ... done
processing references ... done
selecting export objects ... done
processing projection extended ... done
average distortion: 18.30%


############### export maps & scraps selection #################
M     0.00 MC-GL102_Puits-Coupe-tot@Complexe_Lonne_Peyret-Bourrugues (GL102 coupe puits)
M     0.00 MC-GL102_Puits@Gouffre_du_Lonne_Peyret.Complexe_Lonne_Peyret-Bourrugues (GL102 - Puits)
S     0.00 SC-GL102_Entree_01A@Gouffre_du_Lonne_Peyret.Complexe_Lonne_Peyret-Bourrugues ()
S     0.00 SC-GL102_Entree_01B@Gouffre_du_Lonne_Peyret.Complexe_Lonne_Peyret-Bourrugues ()
S     0.00 SC-GL102_Entree_02A@Gouffre_du_Lonne_Peyret.Complexe_Lonne_Peyret-Bourrugues ()
S     0.00 SC-GL102_Entree_02B@Gouffre_du_Lonne_Peyret.Complexe_Lonne_Peyret-Bourrugues ()
########## end of export maps & scraps selection ###############
writing Outputs/GL102_Puits-Coupe.pdf ...
####################### metapost log file ########################
This is MetaPost, version 2.01 (TeX Live 2021/W32TeX) (kpathsea version 6.3.3)  5 FEB 2025 19:02
**data.mp
(c:/Program Files/Therion/texmf/mpost/mpost.mp
(c:/Program Files/Therion/texmf/mpost/plain.mp
Preloading the plain mem file, version 1.005) ) (./data.mp
{randomseed:=42}
 [1] [2] [3] [4]
[5] [6] [7] [8] [9] [10] [11] [12] [13] [14]
[15] [1] [2] [3] [4] [5] [6] [7] [8] [9] [10] [11] [12] [13]
[Warning: scrap outline intersects itself in scrap SC-GL102_Entree_01A@Gouffre_
du_Lonne_Peyret.Complexe_Lonne_Peyret-Bourrugues] [14] [15] [16] (./mptextmp.mp
) [17] (./mptextmp.mp) (./mptextmp.mp) (./mptextmp.mp) (./mptextmp.mp)
(./mptextmp.mp) (./mptextmp.mp) [18] )
 
Here is how much of MetaPost's memory you used:
 8087 strings using 203159 characters
 3965832 bytes of node memory
 1795 symbolic tokens
 9i,82n,17p,312b,5f stack positions out of 16i,98n,21p,312b,6f
33 output files written: data-patt.1 .. data.18


#################### end of metapost log file ####################
converting scraps ... done
making map ... done
######################## pdftex log file #########################
This is pdfTeX, Version 3.141592653-2.6-1.40.22 (TeX Live 2021/W32TeX) (preloaded format=pdfetex 2023.12.2)  5 FEB 2025 19:02
entering extended mode
**data.tex
(./data.tex (./th_enc.tex) (./th_texts.tex) (./th_resources.tex
(c:/Program Files/Therion/texmf/tex/glyphtounicode.tex)) (./th_fontdef.tex{c:/P
rogram Files/Therion/texmf/fonts/pdftex.map})
(./th_formdef.tex) (./th_pagedef.tex) (./th_pages.tex)
 85 numeric registers used out of 32768
 [1] ) 
Here is how much of TeX's memory you used:
 344 strings out of 95671
 4600 string characters out of 1192323
 29027 words of memory out of 1516070
 1742 multiletter control sequences out of 15000+50000
 17652 words of font info for 57 fonts, out of 1000000 for 2000
 844 hyphenation exceptions out of 5000
 8i,5n,8p,1688b,44s stack positions out of 5000i,500n,10000p,200000b,50000s
<c:/Program Files/Therion/texmf/fonts/type1/cmss10.pfb><c:/Program Files/
Therion/texmf/fonts/type1/csss10.pfb>
Output written on data.pdf (1 page, 70019 bytes).
PDF statistics:
 112 PDF objects out of 1000 (max. 8388607)
 60 compressed objects within 1 object stream
 0 named destinations out of 1000 (max. 500000)
 289 words of extra memory for PDF output out of 10000 (max. 10000000)


##################### end of pdftex log file #####################
done
####################### metapost log file ########################
This is MetaPost, version 2.01 (TeX Live 2021/W32TeX) (kpathsea version 6.3.3)  5 FEB 2025 19:02
**data.mp
(c:/Program Files/Therion/texmf/mpost/mpost.mp
(c:/Program Files/Therion/texmf/mpost/plain.mp
Preloading the plain mem file, version 1.005) ) (./data.mp [1] )
1 output file written: data.1


#################### end of metapost log file ####################
writing Outputs/SHP_Extended_GL102/ ... done
writing xtherion file ... done
compilation time: 3 sec


######################### loop errors ##########################
REL-ERR ABS-ERR TOTAL-L STS X-ERROR Y-ERROR Z-ERROR STATIONS
  6.42%   12.5m  194.7m  33    1.6m  -12.3m   -1.4m [GN30@AP7_Amonts.AP7_Amonts.AP7_Arres_Planeres.Complexe_Lonne_Peyret-Bourrugues - 3_0 = H@GL4_Amonts.GL04_Amonts.Complexe_Lonne_Peyret-Bourrugues - 164 - 165 - 166 - 167 - 168 - 169 - 170 - 171 - 172 - 173 - 174 - 175 - I = 4_3@AP7_Amonts.AP7_Amonts.AP7_Arres_Planeres.Complexe_Lonne_Peyret-Bourrugues - 4_4 - 4_6 - 4_7 - 4_8 - 4_9 - 4_10 - 4_11 - 4_12 - 4_13 - 4_14 - 4_15 - 4_16 - 4_17 - 4_18 - 4_19 - 2_2 - 2_1 - 2_0 - GN30]
  4.61%    1.0m   20.7m   7   -0.8m   -0.4m    0.3m [SF48@AP7_Aval.AP7_Aval.AP7_Arres_Planeres.Complexe_Lonne_Peyret-Bourrugues - SF54 - SF53 - SF52 - SF51 - SF50 - SF49 - SF48]
  2.46%    2.7m  108.0m  27   -0.0m   -0.0m   -2.7m [GN05@AP7_Aval.AP7_Aval.AP7_Arres_Planeres.Complexe_Lonne_Peyret-Bourrugues - Y01 - Y02 - Y03 - Y04 - Y05 - Y06 - Y07 - Z19 - Z18 - Z17 - Z16 - Z15 - Z14 - Z13 - Z12 - Z11 - Z10 - Z03 - Z02 - Z01 - Z00 - RN01 - GN01 - GN02 - GN03 - GN04 - GN05]
  0.18%    0.3m  167.2m  38   -0.0m   -0.0m   -0.3m [Z03@AP7_Aval.AP7_Aval.AP7_Arres_Planeres.Complexe_Lonne_Peyret-Bourrugues - Z04 - Z05 - Z06 - Z07 - Z08 - C17 - C16 - C15 - C14 - C13 - C12 - C11 - C10 - C09 - C08 - C07 - C06 - C05 - C04 - C03 - C02 - C01 - RN20 - RN11 - RN10 - RN09 - RN08 - RN07 - RN06 - RN05 - RN04 - RN03 - RN02 - RN01 - Z00 - Z01 - Z02 - Z03]
##################### end of loop errors #######################


###################### scrap distortions #######################
 PROJECTION: extended
 AVERAGE  MAXIMAL  SCRAP
  49.45%  100.00%  SC-AP7_Aval_01@AP7_Aval.AP7_Arres_Planeres.Complexe_Lonne_Peyret-Bourrugues
  53.37%   99.84%  SC-GL4_Amonts_01@GL04_Amonts.Complexe_Lonne_Peyret-Bourrugues
  22.90%   99.61%  SC-AP7_Amonts_01@AP7_Amonts.AP7_Arres_Planeres.Complexe_Lonne_Peyret-Bourrugues
   0.81%   77.61%  SC-GL102_Entree_02B@Gouffre_du_Lonne_Peyret.Complexe_Lonne_Peyret-Bourrugues
  13.03%   49.61%  SC-GL102_Riviere_01A@Gouffre_du_Lonne_Peyret.Complexe_Lonne_Peyret-Bourrugues
   0.67%   40.38%  SC-GL102_Aval_01D@Gouffre_du_Lonne_Peyret.Complexe_Lonne_Peyret-Bourrugues
   2.38%   24.94%  SC-GL102_Riviere_01B@Gouffre_du_Lonne_Peyret.Complexe_Lonne_Peyret-Bourrugues
   0.06%   13.35%  SC-GL102_Amont_01A@Gouffre_du_Lonne_Peyret.Complexe_Lonne_Peyret-Bourrugues
   0.12%   10.17%  SC-GL102_Entree_02B2@Gouffre_du_Lonne_Peyret.Complexe_Lonne_Peyret-Bourrugues
   0.08%    8.24%  SC-GL4_01B@Gouffre_du_Lonne_Peyret.Complexe_Lonne_Peyret-Bourrugues
   0.08%    4.63%  SC-B3_Entree_01@B3_Entree.B3-Bourrugues.Complexe_Lonne_Peyret-Bourrugues
   0.03%    1.18%  SC-GL4_01A@Gouffre_du_Lonne_Peyret.Complexe_Lonne_Peyret-Bourrugues
   0.01%    1.06%  SC-B3_Entree_06@B3_Entree.B3-Bourrugues.Complexe_Lonne_Peyret-Bourrugues
   0.01%    0.41%  SC-B3_Entree_02@B3_Entree.B3-Bourrugues.Complexe_Lonne_Peyret-Bourrugues
   0.01%    0.31%  SC-AP7_Entree_02@AP7_Entree.AP7_Arres_Planeres.Complexe_Lonne_Peyret-Bourrugues
   0.00%    0.26%  SC-B3_Entree_04@B3_Entree.B3-Bourrugues.Complexe_Lonne_Peyret-Bourrugues
   0.01%    0.25%  SC-AP7_Entree_01@AP7_Entree.AP7_Arres_Planeres.Complexe_Lonne_Peyret-Bourrugues
   0.00%    0.02%  SC-AP7_Entree_03@AP7_Entree.AP7_Arres_Planeres.Complexe_Lonne_Peyret-Bourrugues
   0.00%    0.01%  SC-GL102_Entree_01A@Gouffre_du_Lonne_Peyret.Complexe_Lonne_Peyret-Bourrugues
   0.00%    0.01%  SC-GL102_Entree_01B@Gouffre_du_Lonne_Peyret.Complexe_Lonne_Peyret-Bourrugues
   0.00%    0.01%  SC-GL102_Entree_02A@Gouffre_du_Lonne_Peyret.Complexe_Lonne_Peyret-Bourrugues
   0.00%    0.00%  SC-GL102_Aval_01A@Gouffre_du_Lonne_Peyret.Complexe_Lonne_Peyret-Bourrugues
   0.00%    0.00%  SC-GL102_Aval_01C@Gouffre_du_Lonne_Peyret.Complexe_Lonne_Peyret-Bourrugues
   0.00%    0.00%  SC-GL102_Aval_01B@Gouffre_du_Lonne_Peyret.Complexe_Lonne_Peyret-Bourrugues
   0.00%    0.00%  SC-GL102_Entree_02C@Gouffre_du_Lonne_Peyret.Complexe_Lonne_Peyret-Bourrugues
   0.00%    0.00%  SC-GL4_Amonts_02@GL04_Amonts.Complexe_Lonne_Peyret-Bourrugues
   0.00%    0.00%  SC-AP260_Entree_01@AP260.Complexe_Lonne_Peyret-Bourrugues
   0.00%    0.00%  SC-B3_Entree_03@B3_Entree.B3-Bourrugues.Complexe_Lonne_Peyret-Bourrugues
   0.00%    0.00%  SC-B3_Entree_05@B3_Entree.B3-Bourrugues.Complexe_Lonne_Peyret-Bourrugues
   0.00%    0.00%  SC-GL04_Entree_01@GL04_Entree.GL04_Cam_Claque.Complexe_Lonne_Peyret-Bourrugues
   0.00%    0.00%  SC-NL31_Entree_01@NL31_Squelettes.Complexe_Lonne_Peyret-Bourrugues
   0.00%    0.00%  SC-GL4_Amonts_03@GL04_Amonts.Complexe_Lonne_Peyret-Bourrugues
   0.00%    0.00%  SC-GL4_Amonts_04@GL04_Amonts.Complexe_Lonne_Peyret-Bourrugues
   0.00%    0.00%  SC-GL4_Amonts_05@GL04_Amonts.Complexe_Lonne_Peyret-Bourrugues
   0.00%    0.00%  SC-GL4_Amonts_06@GL04_Amonts.Complexe_Lonne_Peyret-Bourrugues
   0.00%    0.00%  SC-GL4_Amonts_07@GL04_Amonts.Complexe_Lonne_Peyret-Bourrugues
   0.00%    0.00%  SC-GL4_Amonts_08@GL04_Amonts.Complexe_Lonne_Peyret-Bourrugues
   0.00%    0.00%  SC-GL80_Entree_01@GL80.Complexe_Lonne_Peyret-Bourrugues
   0.00%    0.00%  SC-AP7_Aval_09@AP7_Aval.AP7_Arres_Planeres.Complexe_Lonne_Peyret-Bourrugues
   0.00%    0.00%  SC-AP7_Aval_17@AP7_Aval.AP7_Arres_Planeres.Complexe_Lonne_Peyret-Bourrugues
   0.00%    0.00%  SC-AP7_Aval_16@AP7_Aval.AP7_Arres_Planeres.Complexe_Lonne_Peyret-Bourrugues
   0.00%    0.00%  SC-AP7_Aval_15@AP7_Aval.AP7_Arres_Planeres.Complexe_Lonne_Peyret-Bourrugues
   0.00%    0.00%  SC-AP7_Aval_14@AP7_Aval.AP7_Arres_Planeres.Complexe_Lonne_Peyret-Bourrugues
   0.00%    0.00%  SC-AP7_Aval_13@AP7_Aval.AP7_Arres_Planeres.Complexe_Lonne_Peyret-Bourrugues
   0.00%    0.00%  SC-AP7_Aval_12@AP7_Aval.AP7_Arres_Planeres.Complexe_Lonne_Peyret-Bourrugues
   0.00%    0.00%  SC-AP7_Aval_11@AP7_Aval.AP7_Arres_Planeres.Complexe_Lonne_Peyret-Bourrugues
   0.00%    0.00%  SC-AP7_Aval_10@AP7_Aval.AP7_Arres_Planeres.Complexe_Lonne_Peyret-Bourrugues
   0.00%    0.00%  SC-AP7_Aval_18@AP7_Aval.AP7_Arres_Planeres.Complexe_Lonne_Peyret-Bourrugues
   0.00%    0.00%  SC-AP7_Aval_08@AP7_Aval.AP7_Arres_Planeres.Complexe_Lonne_Peyret-Bourrugues
   0.00%    0.00%  SC-AP7_Aval_07@AP7_Aval.AP7_Arres_Planeres.Complexe_Lonne_Peyret-Bourrugues
   0.00%    0.00%  SC-AP7_Aval_06@AP7_Aval.AP7_Arres_Planeres.Complexe_Lonne_Peyret-Bourrugues
   0.00%    0.00%  SC-AP7_Aval_05@AP7_Aval.AP7_Arres_Planeres.Complexe_Lonne_Peyret-Bourrugues
   0.00%    0.00%  SC-AP7_Aval_04@AP7_Aval.AP7_Arres_Planeres.Complexe_Lonne_Peyret-Bourrugues
   0.00%    0.00%  SC-AP7_Aval_03@AP7_Aval.AP7_Arres_Planeres.Complexe_Lonne_Peyret-Bourrugues
   0.00%    0.00%  SC-AP7_Aval_02@AP7_Aval.AP7_Arres_Planeres.Complexe_Lonne_Peyret-Bourrugues
   0.00%    0.00%  SC-AP7_Amonts_12@AP7_Amonts.AP7_Arres_Planeres.Complexe_Lonne_Peyret-Bourrugues
   0.00%    0.00%  SC-AP7_Aval_19@AP7_Aval.AP7_Arres_Planeres.Complexe_Lonne_Peyret-Bourrugues
   0.00%    0.00%  SC-AP7_Aval_20@AP7_Aval.AP7_Arres_Planeres.Complexe_Lonne_Peyret-Bourrugues
   0.00%    0.00%  SC-AP7_Aval_21@AP7_Aval.AP7_Arres_Planeres.Complexe_Lonne_Peyret-Bourrugues
   0.00%    0.00%  SC-AP7_Aval_22@AP7_Aval.AP7_Arres_Planeres.Complexe_Lonne_Peyret-Bourrugues
   0.00%    0.00%  SC-AP7_Aval_23@AP7_Aval.AP7_Arres_Planeres.Complexe_Lonne_Peyret-Bourrugues
   0.00%    0.00%  SC-AP7_Amonts_02@AP7_Amonts.AP7_Arres_Planeres.Complexe_Lonne_Peyret-Bourrugues
   0.00%    0.00%  SC-AP7_Amonts_03@AP7_Amonts.AP7_Arres_Planeres.Complexe_Lonne_Peyret-Bourrugues
   0.00%    0.00%  SC-AP7_Amonts_04@AP7_Amonts.AP7_Arres_Planeres.Complexe_Lonne_Peyret-Bourrugues
   0.00%    0.00%  SC-AP7_Amonts_05@AP7_Amonts.AP7_Arres_Planeres.Complexe_Lonne_Peyret-Bourrugues
   0.00%    0.00%  SC-AP7_Amonts_06@AP7_Amonts.AP7_Arres_Planeres.Complexe_Lonne_Peyret-Bourrugues
   0.00%    0.00%  SC-AP7_Amonts_07@AP7_Amonts.AP7_Arres_Planeres.Complexe_Lonne_Peyret-Bourrugues
   0.00%    0.00%  SC-AP7_Amonts_08@AP7_Amonts.AP7_Arres_Planeres.Complexe_Lonne_Peyret-Bourrugues
   0.00%    0.00%  SC-AP7_Amonts_09@AP7_Amonts.AP7_Arres_Planeres.Complexe_Lonne_Peyret-Bourrugues
   0.00%    0.00%  SC-AP7_Amonts_10@AP7_Amonts.AP7_Arres_Planeres.Complexe_Lonne_Peyret-Bourrugues
   0.00%    0.00%  SC-AP7_Amonts_11@AP7_Amonts.AP7_Arres_Planeres.Complexe_Lonne_Peyret-Bourrugues
################### end of scrap distortions ###################

############# CRS transformations chosen by PROJ ###############
  Area of Use (AoU): (-0.769, 42.974) (-0.727, 42.978)
  [UTM30 â†’ LONG-LAT] AoU: [yes] transformation: [Inverse of UTM zone 30N + axis order change (2D)] definition: [proj=pipeline step inv proj=utm zone=30 ellps=WGS84 step proj=unitconvert xy_in=rad xy_out=deg] accuracy: [0.000 m]
  [UTM30 â†’ LAT-LONG] AoU: [no] transformation: [Inverse of UTM zone 30N + axis order change (2D)] definition: [proj=pipeline step inv proj=utm zone=30 ellps=WGS84 step proj=unitconvert xy_in=rad xy_out=deg] accuracy: [0.000 m]
  [UTM30 â†’ UTM30] AoU: [yes] transformation: [Inverse of UTM zone 30N + UTM zone 30N] definition: [proj=noop ellps=GRS80] accuracy: [0.000 m]
  [UTM30 â†’ EPSG:4326] AoU: [yes] transformation: [Inverse of UTM zone 30N + axis order change (2D)] definition: [proj=pipeline step inv proj=utm zone=30 ellps=WGS84 step proj=unitconvert xy_in=rad xy_out=deg] accuracy: [0.000 m]
  [EPSG:4326 â†’ UTM30] AoU: [yes] transformation: [axis order change (2D) + UTM zone 30N] definition: [proj=pipeline step proj=unitconvert xy_in=deg xy_out=rad step proj=utm zone=30 ellps=WGS84] accuracy: [0.000 m]
########## end of CRS transformations chosen by PROJ ###########
