therion 6.3.3 (2025-01-06)
  - using Proj 9.4.1, compiled against 9.4.1
initialization file: C:\Program Files\Therion/therion.ini
reading ... done
configuration file: C:/Users/alexa/Desktop/pyLECtoTH/TH/Tobozo/Tobozo.thconfig
reading ... done
reading source files ... done
preprocessing database ... done
scanning centreline tree ... done
searching for centerline loops ... done
calculating station coordinates ... done
processing survey data ... 
####################### cavern log file ########################
 1> Survex 1.4.15
 2> Copyright ¸ 1990-2024 Olly Betts
 3> C:\Users\alexa\AppData\Local\Temp\th23760\data.svx:7: info: La topographie n'a pas de points fixes. Par cons‚quent j'ai fix‚ 1 … (0,0,0)
 4> 
 5> La topographie contient 118 stations, connect‚es par 117 vis‚es.
 6> Il y a 0 bouclages.
 7> Longueur totale de la topographie = 13119.74m (13119.74m ajust‚)
 8> Longueur totale en projection horizontale = 13093.84m
 9> Longueur totale verticale =  557.00m
10> Intervalle vertical = 1400.00m (de 4 … 700.00m jusqu'… 5 … -700.00m)
11> Intervalle Nord-Sud = 7326.00m (de 111 … 6626.00m jusqu'… 2 … -700.00m)
12> Intervalle Est-Ouest = 9839.00m (de 9 … 0.00m jusqu'… 102 … -9839.00m)
13>  105 1-noeuds.
14>    1 9-noeud.
15>   12 10-noeuds.
16> 
######################### transcription ########################
 3> input:7 -- C:/Users/alexa/Desktop/pyLECtoTH/TH/Tobozo/Data/Tobozo.th [29]
 3> 1 : 0@TOBOZO_2.Tobozo
 5> 118 : -@TOBOZO_2.Tobozo -- 117 : -@TOBOZO_2.Tobozo
10> 4 : -@TOBOZO_2.Tobozo -- 5 : -@TOBOZO_2.Tobozo
11> 111 : -@TOBOZO_2.Tobozo -- 2 : -@TOBOZO_2.Tobozo
12> 9 : -@TOBOZO_2.Tobozo -- 102 : -@TOBOZO_2.Tobozo
13> 105 : -@TOBOZO_2.Tobozo
14> 1 : 0@TOBOZO_2.Tobozo
15> 12 : -@TOBOZO_2.Tobozo
#################### end of cavern log file ####################
done
calculating basic statistics ... done
processing extended elevation ... done
processing references ... done
selecting export objects ... done
processing projection plan ... done
average distortion: 0.00%
writing C:/Users/alexa/Desktop/pyLECtoTH/TH/Tobozo/Data/Tobozo-Plan.xvi ... done
processing projection extended ... done
average distortion: 0.00%
writing C:/Users/alexa/Desktop/pyLECtoTH/TH/Tobozo/Data/Tobozo-Extended.xvi ... done


############### export maps & scraps selection #################
M   -42.38 MP-Tobozo-Plan-tot@Tobozo (Tobozo)
S   -42.38 SP-TOBOZO_2_01@Tobozo ()
########## end of export maps & scraps selection ###############
writing C:/Users/alexa/Desktop/pyLECtoTH/TH/Tobozo/Outputs/Tobozo-Plan.pdf ...
C:\Program Files\Therion\therion.exe: error -- scrap SP-TOBOZO_2_01@Tobozo defined at C:/Users/alexa/Desktop/pyLECtoTH/TH/Tobozo/Data/Tobozo-Plan.th2 [15] is too large to process in metapost in this scale -- maximal scale for this scrap is 1 : 3406
Press ENTER to exit!