therion 6.3.1 (2024-11-22)
  - using Proj 9.4.1, compiled against 9.4.1
initialization file: C:\Program Files\Therion/therion.ini
reading ... done
configuration file: GL102_Lonne_Peyret.thconfig
reading ... done
reading source files ... done
preprocessing database ... done
output coordinate system: UTM30
meridian convergence (deg): -1.5248
geomag declinations (deg):
  2024.1.1  1.0682
  2025.1.1  1.2331
scanning centreline tree ... done
searching for centerline loops ... done
calculating station coordinates ... done
calculating basic statistics ... done
processing extended elevation ... done
processing references ... done
selecting export objects ... 
C:\Program Files\Therion\therion.exe: warning -- GL102_Lonne_Peyret.thconfig [782] -- object not found -- "MC-GL102_Gouffre_du_GL102_Lonne_Peyret_tot"

C:\Program Files\Therion\therion.exe: warning -- GL102_Lonne_Peyret.thconfig [783] -- object not found -- "MP-GL102_Gouffre_du_GL102_Lonne_Peyret"
done
processing projection plan ... done
average distortion: 0.40%


############### export maps & scraps selection #################
M  1283.12 MP-GL102_Gouffre_du_Lonne_Peyret@Gouffre_du_Lonne_Peyret (GL102 - Gouffre du Lonné Peyret)
S  1563.40 SP-GL102_Entree_01A@Gouffre_du_Lonne_Peyret ()
S  1436.21 SP-GL102_Entree_01B@Gouffre_du_Lonne_Peyret ()
S  1283.67 SP-GL102_Entree_02B@Gouffre_du_Lonne_Peyret ()
S  1269.19 SP-GL102_Entree_02C@Gouffre_du_Lonne_Peyret ()
S  1281.50 SP-GL102_Entree_02D@Gouffre_du_Lonne_Peyret ()
S  1237.44 SP-GL102_Aval_01A@Gouffre_du_Lonne_Peyret ()
S  1235.92 SP-GL102_Aval_01B@Gouffre_du_Lonne_Peyret ()
S  1224.68 SP-GL102_Aval_01C@Gouffre_du_Lonne_Peyret ()
S  1181.88 SP-GL102_Aval_01D@Gouffre_du_Lonne_Peyret ()
S  1339.93 SP-GL102_Entree_02A@Gouffre_du_Lonne_Peyret ()
S  1237.35 SP-GL102_Aval_01E@Gouffre_du_Lonne_Peyret ()
S  1173.15 SP-GL102_Riviere_01A@Gouffre_du_Lonne_Peyret ()
S  1171.06 SP-GL102_Riviere_01B@Gouffre_du_Lonne_Peyret ()
S  1296.02 SP-GL102_Amont_01A@Gouffre_du_Lonne_Peyret ()
S  1298.62 SP-GL102_Amont_01B@Gouffre_du_Lonne_Peyret ()
S  1299.88 SP-GL102_Amont_01C@Gouffre_du_Lonne_Peyret ()
########## end of export maps & scraps selection ###############
writing Outputs/GL102_Lonne_Peyret-Plan.pdf ...
####################### metapost log file ########################
This is MetaPost, version 2.01 (TeX Live 2021/W32TeX) (kpathsea version 6.3.3)  23 DEC 2024 11:50
**data.mp
(c:/Program Files/Therion/texmf/mpost/mpost.mp
(c:/Program Files/Therion/texmf/mpost/plain.mp
Preloading the plain mem file, version 1.005) ) (./data.mp
{randomseed:=42}
 [1] [2] [3] [4]
[5] [6] [7] [8] [9] [10] [11] [12] [13] [14]
[15] [1] [2] [3] [4]
[Warning: scrap outline intersects itself in scrap SP-GL102_Amont_01B@Gouffre_d
u_Lonne_Peyret] [5] [6] [7] [8] [9] [10] [11] [12] [13] [14] [15] [16] [17]
[18] [19]
[Warning: scrap outline intersects itself in scrap SP-GL102_Aval_01E@Gouffre_du
_Lonne_Peyret] [20] [21] [22] [23] [24] [25] [26] [27] [28] [29] [30] [31]
[32] [33] [34] [35] [36] [37]
[Warning: scrap outline intersects itself in scrap SP-GL102_Aval_01A@Gouffre_du
_Lonne_Peyret] [38] [39] [40] [41] [42] [43] [44] [45] [46] [47] [48] [49]
[50] [51] [52] [53] [54] [55] [56] [57] [58] [59] (./mptextmp.mp) [60]
(./mptextmp.mp) (./mptextmp.mp) (./mptextmp.mp) (./mptextmp.mp) (./mptextmp.mp)
(./mptextmp.mp) [61] [62] [63] [64] [65] [66] [67] [68] [69] [70] [71] [72]
[73] [74] [75] [76] [77] [78] [79] [80] [81] [82] [83] [84] [85] [86] [87]
[88] [89] [90] [91] [92] [93] [94] [95] [96] [97] [98] [99] [100] [101] )
 
Here is how much of MetaPost's memory you used:
 25007 strings using 588292 characters
 4177192 bytes of node memory
 1758 symbolic tokens
 10i,82n,17p,471b,5f stack positions out of 16i,98n,20p,487b,6f
116 output files written: data-patt.1 .. data.101


#################### end of metapost log file ####################
converting scraps ... done
making map ... done
######################## pdftex log file #########################
This is pdfTeX, Version 3.141592653-2.6-1.40.22 (TeX Live 2021/W32TeX) (preloaded format=pdfetex 2023.12.2)  23 DEC 2024 11:50
entering extended mode
**data.tex
(./data.tex (./th_enc.tex) (./th_texts.tex) (./th_resources.tex
(c:/Program Files/Therion/texmf/tex/glyphtounicode.tex)) (./th_fontdef.tex{c:/P
rogram Files/Therion/texmf/fonts/pdftex.map})
(./th_formdef.tex) (./th_pagedef.tex (./th_legend.tex)) (./th_pages.tex)
 180 numeric registers used out of 32768

[1] )
(\end occurred when \ifx on line 12 was incomplete) 
Here is how much of TeX's memory you used:
 445 strings out of 95671
 5589 string characters out of 1192323
 78384 words of memory out of 1558427
 1838 multiletter control sequences out of 15000+50000
 21229 words of font info for 66 fonts, out of 1000000 for 2000
 844 hyphenation exceptions out of 5000
 12i,5n,8p,1688b,73s stack positions out of 5000i,500n,10000p,200000b,50000s
<c:/Program Files/Therion/te
xmf/fonts/type1/cmss10.pfb><c:/Program Files/Therion/texmf/fonts/type1/cmssi10.
pfb><c:/Program Files/Therion/texmf/fonts/type1/csss10.pfb><c:/Program Files/Th
erion/texmf/fonts/type1/csssi10.pfb>
Output written on data.pdf (1 page, 312744 bytes).
PDF statistics:
 337 PDF objects out of 1000 (max. 8388607)
 173 compressed objects within 2 object streams
 0 named destinations out of 1000 (max. 500000)
 931 words of extra memory for PDF output out of 10000 (max. 10000000)


##################### end of pdftex log file #####################
done
writing Outputs/GL102_Lonne_Peyret.lox ..................... done
writing Outputs/GL102_Lonne_Peyret.plt ... done
writing Outputs/GL102_Lonne_Peyret.kml ... done
writing Outputs/GL102_Lonne_Peyret.sql ... 
processing projection extended ... done
average distortion: 0.92%
done
writing Outputs/GL102_Lonne_Peyret.html ... done
writing Outputs/Surveys.html ... done
compilation time: 4 sec


###################### scrap distortions #######################
 PROJECTION: plan
 AVERAGE  MAXIMAL  SCRAP
   0.99%   48.06%  SP-GL102_Aval_01D@Gouffre_du_Lonne_Peyret
   1.61%   43.83%  SP-GL102_Riviere_01A@Gouffre_du_Lonne_Peyret
   1.31%   33.28%  SP-GL102_Entree_02B@Gouffre_du_Lonne_Peyret
   0.24%   33.23%  SP-GL102_Amont_01A@Gouffre_du_Lonne_Peyret
   0.86%   32.13%  SP-GL102_Entree_02A@Gouffre_du_Lonne_Peyret
   5.40%   29.50%  SP-GL102_Entree_02D@Gouffre_du_Lonne_Peyret
   0.11%   25.56%  SP-GL102_Entree_01B@Gouffre_du_Lonne_Peyret
   0.06%    9.50%  SP-GL102_Amont_01C@Gouffre_du_Lonne_Peyret
   0.24%    6.63%  SP-GL102_Amont_01B@Gouffre_du_Lonne_Peyret
   0.09%    3.68%  SP-GL102_Entree_01A@Gouffre_du_Lonne_Peyret
   0.03%    0.63%  SP-GL102_Riviere_01B@Gouffre_du_Lonne_Peyret
   0.01%    0.36%  SP-GL102_Aval_01B@Gouffre_du_Lonne_Peyret
   0.04%    0.21%  SP-GL102_Aval_01E@Gouffre_du_Lonne_Peyret
   0.01%    0.17%  SP-GL102_Aval_01C@Gouffre_du_Lonne_Peyret
   0.01%    0.16%  SP-GL102_Aval_01A@Gouffre_du_Lonne_Peyret
   0.01%    0.09%  SP-GL102_Entree_02C@Gouffre_du_Lonne_Peyret
   0.00%    0.00%  scrap339@Gouffre_du_Lonne_Peyret
   0.00%    0.00%  scrap51@Gouffre_du_Lonne_Peyret
################### end of scrap distortions ###################


###################### scrap distortions #######################
 PROJECTION: extended
 AVERAGE  MAXIMAL  SCRAP
   0.28%   77.93%  SC-GL102_Entree_02B@Gouffre_du_Lonne_Peyret
  13.03%   49.60%  SC-GL102_Riviere_01A@Gouffre_du_Lonne_Peyret
   0.67%   40.39%  SC-GL102_Aval_01D@Gouffre_du_Lonne_Peyret
   2.38%   24.92%  SC-GL102_Riviere_01B@Gouffre_du_Lonne_Peyret
   0.06%   13.35%  SC-GL102_Amont_01A@Gouffre_du_Lonne_Peyret
   0.08%    8.24%  SC-GL4_01B@Gouffre_du_Lonne_Peyret
   0.03%    1.24%  SC-GL4_01A@Gouffre_du_Lonne_Peyret
   0.01%    0.17%  SC-GL102_Entree_01B@Gouffre_du_Lonne_Peyret
   0.01%    0.17%  SC-GL102_Entree_01A@Gouffre_du_Lonne_Peyret
   0.00%    0.13%  SC-GL102_Aval_01B@Gouffre_du_Lonne_Peyret
   0.00%    0.09%  SC-GL102_Aval_01C@Gouffre_du_Lonne_Peyret
   0.00%    0.09%  SC-GL102_Aval_01A@Gouffre_du_Lonne_Peyret
   0.01%    0.08%  SC-GL102_Entree_02A@Gouffre_du_Lonne_Peyret
   0.00%    0.04%  SC-GL102_Entree_02C@Gouffre_du_Lonne_Peyret
################### end of scrap distortions ###################

############# CRS transformations chosen by PROJ ###############
  Area of Use (AoU): (-0.764, 42.976) (-0.764, 42.976)
  [UTM30 → LONG-LAT] AoU: [yes] transformation: [Inverse of UTM zone 30N + axis order change (2D)] definition: [proj=pipeline step inv proj=utm zone=30 ellps=WGS84 step proj=unitconvert xy_in=rad xy_out=deg] accuracy: [0.000 m]
  [UTM30 → LAT-LONG] AoU: [no] transformation: [Inverse of UTM zone 30N + axis order change (2D)] definition: [proj=pipeline step inv proj=utm zone=30 ellps=WGS84 step proj=unitconvert xy_in=rad xy_out=deg] accuracy: [0.000 m]
  [UTM30 → UTM30] AoU: [yes] transformation: [Inverse of UTM zone 30N + UTM zone 30N] definition: [proj=noop ellps=GRS80] accuracy: [0.000 m]
  [UTM30 → EPSG:4326] AoU: [yes] transformation: [Inverse of UTM zone 30N + axis order change (2D)] definition: [proj=pipeline step inv proj=utm zone=30 ellps=WGS84 step proj=unitconvert xy_in=rad xy_out=deg] accuracy: [0.000 m]
  [EPSG:4326 → UTM30] AoU: [yes] transformation: [axis order change (2D) + UTM zone 30N] definition: [proj=pipeline step proj=unitconvert xy_in=deg xy_out=rad step proj=utm zone=30 ellps=WGS84] accuracy: [0.000 m]
########## end of CRS transformations chosen by PROJ ###########
