therion 6.3.1 (2024-11-22)
  - using Proj 9.4.1, compiled against 9.4.1
initialization file: C:\Program Files\Therion/therion.ini
reading ... done
configuration file: AP7_Amonts.thconfig
reading ... done
reading source files ... done
preprocessing database ... done
scanning centreline tree ... done
searching for centerline loops ... done
calculating station coordinates ... done
processing survey data ... 
####################### cavern log file ########################
 1> Survex 1.4.15
 2> Copyright ¸ 1990-2024 Olly Betts
 3> C:\Users\alexa\AppData\Local\Temp\th38288\data.svx:6: info: La topographie n'a pas de points fixes. Par cons‚quent j'ai fix‚ 1 … (0,0,0)
 4> 
 5> La topographie contient 377 stations, connect‚es par 376 vis‚es.
 6> Il y a 0 bouclages.
 7> Longueur totale de la topographie = 1874.00m (1874.00m ajust‚)
 8> Longueur totale en projection horizontale = 1778.37m
 9> Longueur totale verticale =  406.77m
10> Intervalle vertical = 105.89m (de 321 … 95.86m jusqu'… 25 … -10.04m)
11> Intervalle Nord-Sud = 206.90m (de 37 … 78.93m jusqu'… 142 … -127.97m)
12> Intervalle Est-Ouest = 797.68m (de 321 … 749.44m jusqu'… 83 … -48.25m)
13>   20 1-noeuds.
14>  340 2-noeuds.
15>   16 3-noeuds.
16>    1 4-noeud.
17> 
######################### transcription ########################
 3> input:6 -- Data/AP7_Amonts.th [33]
 3> 1 : 4_0@AP7_Amonts.AP7_Amonts
 5> 377 : 13_06B@AP7_Amonts.AP7_Amonts -- 376 : 13_07@AP7_Amonts.AP7_Amonts
10> 321 : 8_131@AP7_Amonts.AP7_Amonts -- 25 : 3_0@AP7_Amonts.AP7_Amonts
11> 37 : 1_9@AP7_Amonts.AP7_Amonts -- 142 : 8_21@AP7_Amonts.AP7_Amonts
12> 321 : 8_131@AP7_Amonts.AP7_Amonts -- 83 : 6_1@AP7_Amonts.AP7_Amonts
13> 20 : 4_19@AP7_Amonts.AP7_Amonts
14> 340 : 12_16@AP7_Amonts.AP7_Amonts
15> 16 : 4_15@AP7_Amonts.AP7_Amonts
16> 1 : 4_0@AP7_Amonts.AP7_Amonts
#################### end of cavern log file ####################
done
calculating basic statistics ... done
processing extended elevation ... done
processing references ... 
C:\Program Files\Therion\therion.exe: warning -- AP7_Amonts.thconfig [63] -- source layout not found -- fonts_1000
done
selecting export objects ... done
processing projection plan ... done
average distortion: 0.00%
writing Data/AP7_Amonts-Plan.xvi ... done
processing projection extended ... done
average distortion: 0.00%
writing Data/AP7_Amonts-Extended.xvi ... done


############### export maps & scraps selection #################
M    40.59 MP-AP7_Amonts-Plan-tot@AP7_Amonts (AP7_Amonts)
M    33.62 MP-AP7_Amonts-Plan-A@AP7_Amonts (AP7_Amonts)
S    -5.00 SP-AP7_Amonts_01@AP7_Amonts ()
S    -8.26 SP-AP7_Amonts_02@AP7_Amonts ()
S    20.10 SP-AP7_Amonts_03@AP7_Amonts ()
S     9.62 SP-AP7_Amonts_04@AP7_Amonts ()
S    50.01 SP-AP7_Amonts_05@AP7_Amonts ()
S    20.57 SP-AP7_Amonts_07@AP7_Amonts ()
S    61.60 SP-AP7_Amonts_08@AP7_Amonts ()
S    88.29 SP-AP7_Amonts_09@AP7_Amonts ()
S    44.07 SP-AP7_Amonts_10@AP7_Amonts ()
S    44.23 SP-AP7_Amonts_11@AP7_Amonts ()
S    44.55 SP-AP7_Amonts_12@AP7_Amonts ()
S     -.-- SP-AP7_Amonts_13@AP7_Amonts ()
M    47.56 MP-AP7_Amonts-Plan-B@AP7_Amonts (AP7_Amonts)
S    47.56 SP-AP7_Amonts_06@AP7_Amonts ()
########## end of export maps & scraps selection ###############
writing Outputs/AP7_Amonts-Plan.pdf ...
####################### metapost log file ########################
This is MetaPost, version 2.01 (TeX Live 2021/W32TeX) (kpathsea version 6.3.3)  3 JAN 2025 10:18
**data.mp
(c:/Program Files/Therion/texmf/mpost/mpost.mp
(c:/Program Files/Therion/texmf/mpost/plain.mp
Preloading the plain mem file, version 1.005) ) (./data.mp
{randomseed:=42}
 [1] [2] [3] [4]
[5] [6] [7] [8] [9] [10] [11] [12] [13] [14]
[15] [1] [2] [3] [4] [5]
[Warning: scrap outline intersects itself in scrap SP-AP7_Amonts_11@AP7_Amonts]
[6] [7] [8] [9]
[Warning: scrap outline intersects itself in scrap SP-AP7_Amonts_10@AP7_Amonts]
[10] [11] [12] [13] [14] [15] [16] [17] [18] [19] [20] [21] [22] [23] [24]
[25] [26] [27] [28] [29] [30] [31] [32] [33] [34] [35] [36] [37] [38] [39]
[40] [41] [42] [43] [44] [45] [46] [47] [48] [49] [50] (./mptextmp.mp) [51]
(./mptextmp.mp) (./mptextmp.mp) (./mptextmp.mp) (./mptextmp.mp) (./mptextmp.mp)
(./mptextmp.mp) [52] [53] [54] [55] [56] [57] [58] [59] [60] [61] [62] [63]
[64] )
 
Here is how much of MetaPost's memory you used:
 67279 strings using 1809923 characters
 4921816 bytes of node memory
 1758 symbolic tokens
 10i,82n,16p,499b,5f stack positions out of 16i,98n,20p,608b,6f
79 output files written: data-patt.1 .. data.64


#################### end of metapost log file ####################
converting scraps ... done
making map ... done
######################## pdftex log file #########################
This is pdfTeX, Version 3.141592653-2.6-1.40.22 (TeX Live 2021/W32TeX) (preloaded format=pdfetex 2023.12.2)  3 JAN 2025 10:18
entering extended mode
**data.tex
(./data.tex (./th_enc.tex) (./th_texts.tex) (./th_resources.tex
(c:/Program Files/Therion/texmf/tex/glyphtounicode.tex)) (./th_fontdef.tex{c:/P
rogram Files/Therion/texmf/fonts/pdftex.map})
(./th_formdef.tex) (./th_pagedef.tex (./th_legend.tex)) (./th_pages.tex)
 173 numeric registers used out of 32768

[1] )
(\end occurred when \ifx on line 12 was incomplete) 
Here is how much of TeX's memory you used:
 435 strings out of 95671
 5652 string characters out of 1192323
 207283 words of memory out of 1682326
 1828 multiletter control sequences out of 15000+50000
 21229 words of font info for 66 fonts, out of 1000000 for 2000
 844 hyphenation exceptions out of 5000
 12i,5n,8p,715b,73s stack positions out of 5000i,500n,10000p,200000b,50000s
<c:/Program Files/Therion/te
xmf/fonts/type1/cmss10.pfb><c:/Program Files/Therion/texmf/fonts/type1/cmssi10.
pfb><c:/Program Files/Therion/texmf/fonts/type1/csss10.pfb><c:/Program Files/Th
erion/texmf/fonts/type1/csssi10.pfb>
Output written on data.pdf (1 page, 599286 bytes).
PDF statistics:
 317 PDF objects out of 1000 (max. 8388607)
 163 compressed objects within 2 object streams
 0 named destinations out of 1000 (max. 500000)
 871 words of extra memory for PDF output out of 10000 (max. 10000000)


##################### end of pdftex log file #####################
done


############### export maps & scraps selection #################
M     0.00 MC-AP7_Amonts-Extended-tot@AP7_Amonts (AP7_Amonts)
S     0.00 SC-AP7_Amonts_01@AP7_Amonts ()
S     -.-- SC-AP7_Amonts_02@AP7_Amonts ()
S     -.-- SC-AP7_Amonts_03@AP7_Amonts ()
S     -.-- SC-AP7_Amonts_04@AP7_Amonts ()
S     -.-- SC-AP7_Amonts_05@AP7_Amonts ()
S     -.-- SC-AP7_Amonts_06@AP7_Amonts ()
S     -.-- SC-AP7_Amonts_07@AP7_Amonts ()
S     -.-- SC-AP7_Amonts_08@AP7_Amonts ()
S     -.-- SC-AP7_Amonts_09@AP7_Amonts ()
S     -.-- SC-AP7_Amonts_10@AP7_Amonts ()
S     -.-- SC-AP7_Amonts_11@AP7_Amonts ()
S     -.-- SC-AP7_Amonts_12@AP7_Amonts ()
########## end of export maps & scraps selection ###############
writing Outputs/AP7_Amonts-Extended.pdf ...
####################### metapost log file ########################
This is MetaPost, version 2.01 (TeX Live 2021/W32TeX) (kpathsea version 6.3.3)  3 JAN 2025 10:18
**data.mp
(c:/Program Files/Therion/texmf/mpost/mpost.mp
(c:/Program Files/Therion/texmf/mpost/plain.mp
Preloading the plain mem file, version 1.005) ) (./data.mp
{randomseed:=42}
 [1] [2] [3] [4]
[5] [6] [7] [8] [9] [10] [11] [12] [13] [14]
[15] [1] [2] (./mptextmp.mp) [3] (./mptextmp.mp) (./mptextmp.mp) (./mptextmp.mp
) (./mptextmp.mp) (./mptextmp.mp) (./mptextmp.mp) [4] [5] [6] )
 
Here is how much of MetaPost's memory you used:
 1621 strings using 44555 characters
 5025904 bytes of node memory
 1752 symbolic tokens
 9i,82n,12p,312b,5f stack positions out of 16i,98n,15p,312b,6f
21 output files written: data-patt.1 .. data-patt.15


#################### end of metapost log file ####################
converting scraps ... done
making map ... done
######################## pdftex log file #########################
This is pdfTeX, Version 3.141592653-2.6-1.40.22 (TeX Live 2021/W32TeX) (preloaded format=pdfetex 2023.12.2)  3 JAN 2025 10:18
entering extended mode
**data.tex
(./data.tex (./th_enc.tex) (./th_texts.tex) (./th_resources.tex
(c:/Program Files/Therion/texmf/tex/glyphtounicode.tex)) (./th_fontdef.tex{c:/P
rogram Files/Therion/texmf/fonts/pdftex.map})
(./th_formdef.tex) (./th_pagedef.tex
Overfull \hbox (11.8766pt too wide) in paragraph at lines 12--12
[]\thfb AP7 Amonts, Coupe d\thfc ^^e9\thfb velopp\thfc ^^e9\thfb e 1:500 |

\hbox(19.44444+5.44444)x426.79134, glue set - 1.0
.\hbox(0.0+0.0)x0.0
.\thfb A
.\thfb P
.\thfb 7
.\glue 9.33334 plus 4.66667 minus 3.11111
.etc.

(./th_legend.tex)) (./th_pages.tex)
 53 numeric registers used out of 32768
 [1] ) 
Here is how much of TeX's memory you used:
 314 strings out of 95671
 4195 string characters out of 1192323
 441954 words of memory out of 1897997
 1707 multiletter control sequences out of 15000+50000
 21229 words of font info for 66 fonts, out of 1000000 for 2000
 844 hyphenation exceptions out of 5000
 12i,5n,8p,715b,73s stack positions out of 5000i,500n,10000p,200000b,50000s
<c:/Program Files/Therion/texmf/fonts/type1/cmss10.pfb><c:/Program Files/
Therion/texmf/fonts/type1/cmssi10.pfb><c:/Program Files/Therion/texmf/fonts/typ
e1/csss10.pfb><c:/Program Files/Therion/texmf/fonts/type1/csssi10.pfb>
Output written on data.pdf (1 page, 101821 bytes).
PDF statistics:
 52 PDF objects out of 1000 (max. 8388607)
 31 compressed objects within 1 object stream
 0 named destinations out of 1000 (max. 500000)
 79 words of extra memory for PDF output out of 10000 (max. 10000000)


##################### end of pdftex log file #####################
done
writing Outputs/AP7_Amonts.lox ................ done
C:\Program Files\Therion\therion.exe: warning -- data not georeferenced -- unable to export KML file
writing Outputs/AP7_Amonts-Cave-list.html ... done
writing Outputs/AP7_Amonts-Surveys.html ... done
compilation time: 4 sec


###################### scrap distortions #######################
 PROJECTION: plan
 AVERAGE  MAXIMAL  SCRAP
   0.00%    0.34%  SP-AP7_Amonts_05@AP7_Amonts
   0.00%    0.23%  SP-AP7_Amonts_10@AP7_Amonts
   0.01%    0.11%  SP-AP7_Amonts_08@AP7_Amonts
   0.00%    0.07%  SP-AP7_Amonts_07@AP7_Amonts
   0.00%    0.06%  SP-AP7_Amonts_11@AP7_Amonts
   0.00%    0.06%  SP-AP7_Amonts_09@AP7_Amonts
   0.01%    0.06%  SP-AP7_Amonts_02@AP7_Amonts
   0.00%    0.06%  SP-AP7_Amonts_03@AP7_Amonts
   0.00%    0.05%  SP-AP7_Amonts_04@AP7_Amonts
   0.00%    0.05%  SP-AP7_Amonts_01@AP7_Amonts
   0.00%    0.05%  SP-AP7_Amonts_12@AP7_Amonts
   0.00%    0.03%  SP-AP7_Amonts_06@AP7_Amonts
   0.00%    0.00%  SP-AP7_Amonts_13@AP7_Amonts
################### end of scrap distortions ###################


###################### scrap distortions #######################
 PROJECTION: extended
 AVERAGE  MAXIMAL  SCRAP
   0.00%    0.13%  SC-AP7_Amonts_01@AP7_Amonts
   0.00%    0.00%  SC-AP7_Amonts_02@AP7_Amonts
   0.00%    0.00%  SC-AP7_Amonts_03@AP7_Amonts
   0.00%    0.00%  SC-AP7_Amonts_04@AP7_Amonts
   0.00%    0.00%  SC-AP7_Amonts_05@AP7_Amonts
   0.00%    0.00%  SC-AP7_Amonts_06@AP7_Amonts
   0.00%    0.00%  SC-AP7_Amonts_07@AP7_Amonts
   0.00%    0.00%  SC-AP7_Amonts_08@AP7_Amonts
   0.00%    0.00%  SC-AP7_Amonts_09@AP7_Amonts
   0.00%    0.00%  SC-AP7_Amonts_10@AP7_Amonts
   0.00%    0.00%  SC-AP7_Amonts_11@AP7_Amonts
   0.00%    0.00%  SC-AP7_Amonts_12@AP7_Amonts
################### end of scrap distortions ###################
