therion 6.3.1 (2024-11-22)
  - using Proj 9.4.1, compiled against 9.4.1
initialization file: C:\Program Files\Therion/therion.ini
reading ... done
configuration file: B3_Amonts.thconfig
reading ... done
reading source files ... done
preprocessing database ... done
scanning centreline tree ... done
searching for centerline loops ... done
calculating station coordinates ... done
processing survey data ... 
####################### cavern log file ########################
 1> Survex 1.4.15
 2> Copyright ¸ 1990-2024 Olly Betts
 3> C:\Users\alexa\AppData\Local\Temp\th34256\data.svx:5: info: La topographie n'a pas de points fixes. Par cons‚quent j'ai fix‚ 117 … (0,0,0)
 4> 
 5> La topographie contient 226 stations, connect‚es par 225 vis‚es.
 6> Il y a 0 bouclages.
 7> Longueur totale de la topographie = 1202.28m (1202.28m ajust‚)
 8> Longueur totale en projection horizontale = 1148.08m
 9> Longueur totale verticale =  207.90m
10> Intervalle vertical = 42.13m (de 82 … 27.92m jusqu'… 180 … -14.21m)
11> Intervalle Nord-Sud = 238.19m (de 223 … 112.19m jusqu'… 40 … -126.00m)
12> Intervalle Est-Ouest = 651.95m (de 226 … 424.62m jusqu'… 40 … -227.32m)
13>    7 1-noeuds.
14>  214 2-noeuds.
15>    5 3-noeuds.
16> 
######################### transcription ########################
 3> input:5 -- B3_Amonts-tot.th [11]
 3> 117 : J34@B3_Amonts_02.B3_Amonts
 5> 226 : 81@B3_Amonts_03.B3_Amonts -- 225 : 80@B3_Amonts_03.B3_Amonts
10> 82 : V08D@B3_Amonts_02.B3_Amonts -- 180 : 39R@B3_Amonts_03.B3_Amonts
11> 223 : 78@B3_Amonts_03.B3_Amonts -- 40 : VA3@B3_Amonts_02.B3_Amonts
12> 226 : 81@B3_Amonts_03.B3_Amonts -- 40 : VA3@B3_Amonts_02.B3_Amonts
13> 7 : J07@B3_Amonts_01.B3_Amonts
14> 214 : 69@B3_Amonts_03.B3_Amonts
15> 5 : J05@B3_Amonts_01.B3_Amonts
#################### end of cavern log file ####################
done
calculating basic statistics ... done
processing extended elevation ... done
processing references ... done
selecting export objects ... done
processing projection plan ... done
average distortion: 0.01%
writing Data/B3_Amonts-map.xvi ... done
processing projection extended ... done
writing Data/B3_Amonts-coupe.xvi ... done


############### export maps & scraps selection #################
M     2.96 MP-B3_Amonts-plan-tot@B3_Amonts (B3 Amonts)
S     3.48 SP-B3_Amonts_01@B3_Amonts ()
S    13.38 SP-B3_Amonts_02@B3_Amonts ()
S    -3.88 SP-B3_Amonts_03@B3_Amonts ()
S    -1.15 SP-B3_Amonts_04@B3_Amonts ()
########## end of export maps & scraps selection ###############
writing Outputs/B3_Amonts-Plan.pdf ...
####################### metapost log file ########################
This is MetaPost, version 2.01 (TeX Live 2021/W32TeX) (kpathsea version 6.3.3)  30 DEC 2024 18:57
**data.mp
(c:/Program Files/Therion/texmf/mpost/mpost.mp
(c:/Program Files/Therion/texmf/mpost/plain.mp
Preloading the plain mem file, version 1.005) ) (./data.mp
{randomseed:=42}
 [1] [2] [3] [4]
[5] [6] [7] [8] [9] [10] [11] [12] [13] [14]
[15] [1] [2] [3] [4] [5] [6] [7] [8] [9] [10] [11] [12] [13] [14] [15] [16]
(./mptextmp.mp) [17] (./mptextmp.mp) (./mptextmp.mp) (./mptextmp.mp)
(./mptextmp.mp) (./mptextmp.mp) (./mptextmp.mp) [18] [19] [20] [21] [22] [23]
[24] [25] [26] [27] [28] [29] [30] [31] [32] [33] )
 
Here is how much of MetaPost's memory you used:
 34351 strings using 1000518 characters
 4152208 bytes of node memory
 1745 symbolic tokens
 9i,82n,16p,312b,5f stack positions out of 16i,98n,20p,312b,6f
48 output files written: data-patt.1 .. data.33


#################### end of metapost log file ####################
converting scraps ... done
making map ... done
######################## pdftex log file #########################
This is pdfTeX, Version 3.141592653-2.6-1.40.22 (TeX Live 2021/W32TeX) (preloaded format=pdfetex 2023.12.2)  30 DEC 2024 18:57
entering extended mode
**data.tex
(./data.tex (./th_enc.tex) (./th_texts.tex) (./th_resources.tex
(c:/Program Files/Therion/texmf/tex/glyphtounicode.tex)) (./th_fontdef.tex{c:/P
rogram Files/Therion/texmf/fonts/pdftex.map})
(./th_formdef.tex) (./th_pagedef.tex (./th_legend.tex)) (./th_pages.tex)
 88 numeric registers used out of 32768

[1] )
(\end occurred when \ifx on line 12 was incomplete) 
Here is how much of TeX's memory you used:
 349 strings out of 95671
 4562 string characters out of 1192323
 116863 words of memory out of 1596906
 1742 multiletter control sequences out of 15000+50000
 21229 words of font info for 66 fonts, out of 1000000 for 2000
 844 hyphenation exceptions out of 5000
 12i,5n,8p,716b,75s stack positions out of 5000i,500n,10000p,200000b,50000s
<c:/Program Files/Therion/te
xmf/fonts/type1/cmss10.pfb><c:/Program Files/Therion/texmf/fonts/type1/cmssi10.
pfb><c:/Program Files/Therion/texmf/fonts/type1/csss10.pfb><c:/Program Files/Th
erion/texmf/fonts/type1/csssi10.pfb>
Output written on data.pdf (1 page, 184823 bytes).
PDF statistics:
 128 PDF objects out of 1000 (max. 8388607)
 69 compressed objects within 1 object stream
 0 named destinations out of 1000 (max. 500000)
 307 words of extra memory for PDF output out of 10000 (max. 10000000)


##################### end of pdftex log file #####################
done
writing Outputs/B3_Amonts.lox ....... done
C:\Program Files\Therion\therion.exe: warning -- data not georeferenced -- unable to export KML file
writing Outputs/B3_Amonts-Cave-list.html ... done
writing Outputs/B3_Amonts-Surveys.html ... done
compilation time: 2 sec


###################### scrap distortions #######################
 PROJECTION: plan
 AVERAGE  MAXIMAL  SCRAP
   0.02%    0.94%  SP-B3_Amonts_02@B3_Amonts
   0.01%    0.68%  SP-B3_Amonts_04@B3_Amonts
   0.02%    0.63%  SP-B3_Amonts_01@B3_Amonts
   0.01%    0.15%  SP-B3_Amonts_03@B3_Amonts
################### end of scrap distortions ###################
