therion 6.3.3 (2025-01-06)
  - using Proj 9.4.1, compiled against 9.4.1
initialization file: C:\Program Files\Therion/therion.ini
reading ... done
configuration file: Tobozo_1.thconfig
reading ... done
reading source files ... done
preprocessing database ... done
output coordinate system: UTM30
meridian convergence (deg): -1.5254
geomag declinations (deg):
  1987.1.1  -3.9565
  1988.1.1  -3.8282
scanning centreline tree ... done
searching for centerline loops ... done
calculating station coordinates ... done
processing survey data ... 
####################### cavern log file ########################
 1> Survex 1.4.15
 2> Copyright ¸ 1990-2024 Olly Betts
 3> 
 4> La topographie contient 603 stations, connect‚es par 602 vis‚es.
 5> Il y a 0 bouclages.
 6> Longueur totale de la topographie =  547.31m ( 547.31m ajust‚)
 7> Longueur totale en projection horizontale =  140.10m
 8> Longueur totale verticale =  466.32m
 9> Intervalle vertical = 466.58m (de 4 … 1979.00m jusqu'… 599 … 1512.42m)
10> Intervalle Nord-Sud = 32.00m (de 398 … 4755898.21m jusqu'… 3 … 4755866.21m)
11> Intervalle Est-Ouest = 54.75m (de 14 … 682684.56m jusqu'… 311 … 682629.81m)
12>  536 1-noeuds.
13>    2 9-noeuds.
14>   65 10-noeuds.
15> 
######################### transcription ########################
 4> 603 : -@Tobozo_1.Tobozo_1 -- 602 : -@Tobozo_1.Tobozo_1
 9> 4 : -@Tobozo_1.Tobozo_1 -- 599 : -@Tobozo_1.Tobozo_1
10> 398 : -@Tobozo_1.Tobozo_1 -- 3 : -@Tobozo_1.Tobozo_1
11> 14 : -@Tobozo_1.Tobozo_1 -- 311 : -@Tobozo_1.Tobozo_1
12> 536 : -@Tobozo_1.Tobozo_1
13> 2 : -@Tobozo_1.Tobozo_1
14> 65 : -@Tobozo_1.Tobozo_1
#################### end of cavern log file ####################
done
calculating basic statistics ... done
processing extended elevation ... done
processing references ... done
selecting export objects ... done
processing projection plan ... done
average distortion: 0.01%
writing Data/Tobozo_1-Plan.xvi ... done
processing projection extended ... done
average distortion: 0.00%
writing Data/Tobozo_1-Extended.xvi ... done


############### export maps & scraps selection #################
M  1745.24 MP-Tobozo_1-Plan-tot@Tobozo_1 (Tobozo_1)
S  1745.24 SP-Tobozo_1_01@Tobozo_1 ()
########## end of export maps & scraps selection ###############
writing Outputs/Tobozo_1-Plan.pdf ...
####################### metapost log file ########################
This is MetaPost, version 2.01 (TeX Live 2021/W32TeX) (kpathsea version 6.3.3)  26 MAR 2025 08:48
**data.mp
(c:/Program Files/Therion/texmf/mpost/mpost.mp
(c:/Program Files/Therion/texmf/mpost/plain.mp
Preloading the plain mem file, version 1.005) ) (./data.mp
{randomseed:=42}
 [1] [2] [3] [4]
[5] [6] [7] [8] [9] [10] [11] [12] [13] [14]
[15] [1] (./mptextmp.mp) [2] (./mptextmp.mp) (./mptextmp.mp) (./mptextmp.mp)
(./mptextmp.mp) (./mptextmp.mp) (./mptextmp.mp) [3] [4] [5] [6] [7] [8] [9]
[10] [11] [12] [13] [14] )
 
Here is how much of MetaPost's memory you used:
 1626 strings using 47510 characters
 3809544 bytes of node memory
 1757 symbolic tokens
 9i,82n,12p,312b,5f stack positions out of 16i,98n,15p,312b,6f
29 output files written: data-patt.1 .. data-patt.15


#################### end of metapost log file ####################
converting scraps ... done
making map ... done
######################## pdftex log file #########################
This is pdfTeX, Version 3.141592653-2.6-1.40.22 (TeX Live 2021/W32TeX) (preloaded format=pdfetex 2023.12.2)  26 MAR 2025 08:48
entering extended mode
**data.tex
(./data.tex (./th_enc.tex) (./th_texts.tex) (./th_resources.tex
(c:/Program Files/Therion/texmf/tex/glyphtounicode.tex)) (./th_fontdef.tex{c:/P
rogram Files/Therion/texmf/fonts/pdftex.map})
(./th_formdef.tex) (./th_pagedef.tex (./th_legend.tex)) (./th_pages.tex)
 61 numeric registers used out of 32768

[1] )
(\end occurred when \ifx on line 12 was incomplete) 
Here is how much of TeX's memory you used:
 325 strings out of 95671
 4295 string characters out of 1192323
 55730 words of memory out of 1540773
 1718 multiletter control sequences out of 15000+50000
 21229 words of font info for 66 fonts, out of 1000000 for 2000
 844 hyphenation exceptions out of 5000
 12i,5n,8p,1688b,73s stack positions out of 5000i,500n,10000p,200000b,50000s
<c:/Program Files/Therion/te
xmf/fonts/type1/cmss10.pfb><c:/Program Files/Therion/texmf/fonts/type1/cmssi10.
pfb><c:/Program Files/Therion/texmf/fonts/type1/csss10.pfb><c:/Program Files/Th
erion/texmf/fonts/type1/csssi10.pfb>
Output written on data.pdf (1 page, 48209 bytes).
PDF statistics:
 68 PDF objects out of 1000 (max. 8388607)
 39 compressed objects within 1 object stream
 0 named destinations out of 1000 (max. 500000)
 127 words of extra memory for PDF output out of 10000 (max. 10000000)


##################### end of pdftex log file #####################
done


############### export maps & scraps selection #################
M     0.00 MC-Tobozo_1-Extended-tot@Tobozo_1 (Tobozo_1)
S     0.00 SC-Tobozo_1_01@Tobozo_1 ()
S     0.00 SC-Tobozo_1_02@Tobozo_1 ()
########## end of export maps & scraps selection ###############
writing Outputs/Tobozo_1-Extended.pdf ...
####################### metapost log file ########################
This is MetaPost, version 2.01 (TeX Live 2021/W32TeX) (kpathsea version 6.3.3)  26 MAR 2025 08:48
**data.mp
(c:/Program Files/Therion/texmf/mpost/mpost.mp
(c:/Program Files/Therion/texmf/mpost/plain.mp
Preloading the plain mem file, version 1.005) ) (./data.mp
{randomseed:=42}
 [1] [2] [3] [4]
[5] [6] [7] [8] [9] [10] [11] [12] [13] [14]
[15] [1]
[Warning: scrap outline intersects itself in scrap SC-Tobozo_1_02@Tobozo_1]
[2] [3] [4] [5] [6] [7] (./mptextmp.mp) [8] (./mptextmp.mp) (./mptextmp.mp)
(./mptextmp.mp) (./mptextmp.mp) (./mptextmp.mp) (./mptextmp.mp) [9] [10] [11]
[12] [13] [14] [15] [16] [17] [18] [19] [20] )
 
Here is how much of MetaPost's memory you used:
 7351 strings using 190418 characters
 4101304 bytes of node memory
 1763 symbolic tokens
 9i,82n,16p,322b,5f stack positions out of 16i,98n,20p,390b,6f
35 output files written: data-patt.1 .. data.20


#################### end of metapost log file ####################
converting scraps ... done
making map ... done
######################## pdftex log file #########################
This is pdfTeX, Version 3.141592653-2.6-1.40.22 (TeX Live 2021/W32TeX) (preloaded format=pdfetex 2023.12.2)  26 MAR 2025 08:48
entering extended mode
**data.tex
(./data.tex (./th_enc.tex) (./th_texts.tex) (./th_resources.tex
(c:/Program Files/Therion/texmf/tex/glyphtounicode.tex)) (./th_fontdef.tex{c:/P
rogram Files/Therion/texmf/fonts/pdftex.map})
(./th_formdef.tex) (./th_pagedef.tex (./th_legend.tex)) (./th_pages.tex)
 71 numeric registers used out of 32768

[1] ) 
Here is how much of TeX's memory you used:
 335 strings out of 95671
 4408 string characters out of 1192323
 89687 words of memory out of 1573730
 1728 multiletter control sequences out of 15000+50000
 21229 words of font info for 66 fonts, out of 1000000 for 2000
 844 hyphenation exceptions out of 5000
 12i,5n,8p,1688b,73s stack positions out of 5000i,500n,10000p,200000b,50000s
<c:/Program Files/Therion/texmf/fonts/type1/cmss10.pfb><c:/Program Files/T
herion/texmf/fonts/type1/cmssi10.pfb><c:/Program Files/Therion/texmf/fonts/type
1/csss10.pfb><c:/Program Files/Therion/texmf/fonts/type1/csssi10.pfb>
Output written on data.pdf (1 page, 80088 bytes).
PDF statistics:
 90 PDF objects out of 1000 (max. 8388607)
 50 compressed objects within 1 object stream
 0 named destinations out of 1000 (max. 500000)
 193 words of extra memory for PDF output out of 10000 (max. 10000000)


##################### end of pdftex log file #####################
done
writing Outputs/Tobozo_1.lox .... done
writing Outputs/Tobozo_1.kml ... done
writing Outputs/Tobozo_1-Cave-list.html ... done
writing Outputs/Tobozo_1-Surveys.html ... done
writing xtherion file ... done
compilation time: 2 sec


###################### scrap distortions #######################
 PROJECTION: plan
 AVERAGE  MAXIMAL  SCRAP
   0.01%    2.05%  SP-Tobozo_1_01@Tobozo_1
################### end of scrap distortions ###################


###################### scrap distortions #######################
 PROJECTION: extended
 AVERAGE  MAXIMAL  SCRAP
   0.00%    0.11%  SC-Tobozo_1_01@Tobozo_1
   0.00%    0.00%  SC-Tobozo_1_02@Tobozo_1
################### end of scrap distortions ###################

############# CRS transformations chosen by PROJ ###############
  Area of Use (AoU): (-0.761, 42.934) (-0.761, 42.934)
  [UTM30 â†’ LONG-LAT] AoU: [yes] transformation: [Inverse of UTM zone 30N + axis order change (2D)] definition: [proj=pipeline step inv proj=utm zone=30 ellps=WGS84 step proj=unitconvert xy_in=rad xy_out=deg] accuracy: [0.000 m]
  [UTM30 â†’ LAT-LONG] AoU: [no] transformation: [Inverse of UTM zone 30N + axis order change (2D)] definition: [proj=pipeline step inv proj=utm zone=30 ellps=WGS84 step proj=unitconvert xy_in=rad xy_out=deg] accuracy: [0.000 m]
  [UTM30 â†’ UTM30] AoU: [yes] transformation: [Inverse of UTM zone 30N + UTM zone 30N] definition: [proj=noop ellps=GRS80] accuracy: [0.000 m]
  [UTM30 â†’ EPSG:4326] AoU: [yes] transformation: [Inverse of UTM zone 30N + axis order change (2D)] definition: [proj=pipeline step inv proj=utm zone=30 ellps=WGS84 step proj=unitconvert xy_in=rad xy_out=deg] accuracy: [0.000 m]
  [EPSG:4326 â†’ UTM30] AoU: [yes] transformation: [axis order change (2D) + UTM zone 30N] definition: [proj=pipeline step proj=unitconvert xy_in=deg xy_out=rad step proj=utm zone=30 ellps=WGS84] accuracy: [0.000 m]
########## end of CRS transformations chosen by PROJ ###########
