2025-06-16 10:43:06,687 - INFO - ********************************************************************************************************************************************
2025-06-16 10:43:06,687 - INFO - * Conversion Th, Dat, Mak files to Therion files and folders
2025-06-16 10:43:06,687 - INFO - *       Script pyCreateTh by : alexandre.pont@yahoo.fr
2025-06-16 10:43:06,687 - INFO - *       Version : 2025.06.16
2025-06-16 10:43:06,687 - INFO - *       Input file : 
2025-06-16 10:43:06,688 - INFO - *       Output file : ~\.
2025-06-16 10:43:06,688 - INFO - *       Log file : ~\..\pyCreateTh.log
2025-06-16 10:43:06,688 - INFO - *       
2025-06-16 10:43:06,688 - INFO - *       
2025-06-16 10:43:06,689 - INFO - *       
2025-06-16 10:43:06,692 - INFO - ********************************************************************************************************************************************
2025-06-16 10:43:06,694 - ERROR - !!! file  not yet supported
2025-06-16 10:43:06,694 - ERROR - !!! There were 1 errors during 3.66 secondes, check the log file ~\..\pyCreateTh.log
2025-06-16 15:49:29,787 - INFO - ********************************************************************************************************************************************
2025-06-16 15:49:29,788 - INFO - * Conversion Th, Dat, Mak files to Therion files and folders
2025-06-16 15:49:29,789 - INFO - *       Script pyCreateTh by : alexandre.pont@yahoo.fr
2025-06-16 15:49:29,789 - INFO - *       Version : 2025.06.16
2025-06-16 15:49:29,789 - INFO - *       Input file : 
2025-06-16 15:49:29,789 - INFO - *       Output file : ~\.
2025-06-16 15:49:29,789 - INFO - *       Log file : ~\..\pyCreateTh.log
2025-06-16 15:49:29,790 - INFO - *       
2025-06-16 15:49:29,790 - INFO - *       
2025-06-16 15:49:29,790 - INFO - *       
2025-06-16 15:49:29,790 - INFO - ********************************************************************************************************************************************
2025-06-16 15:49:29,791 - ERROR - !!! file  not yet supported
2025-06-16 15:49:29,792 - ERROR - !!! There were 1 errors during 8.04 secondes, check the log file ~\..\pyCreateTh.log
2025-06-16 16:18:18,921 - INFO - ********************************************************************************************************************************************
2025-06-16 16:18:18,922 - INFO - * Conversion Th, Dat, Mak files to Therion files and folders
2025-06-16 16:18:18,922 - INFO - *       Script pyCreateTh by : alexandre.pont@yahoo.fr
2025-06-16 16:18:18,922 - INFO - *       Version : 2025.06.16
2025-06-16 16:18:18,923 - INFO - *       Input file : 
2025-06-16 16:18:18,923 - INFO - *       Output file : ~\.
2025-06-16 16:18:18,923 - INFO - *       Log file : ~\..\pyCreateTh.log
2025-06-16 16:18:18,923 - INFO - *       
2025-06-16 16:18:18,924 - INFO - *       
2025-06-16 16:18:18,924 - INFO - *       
2025-06-16 16:18:18,924 - INFO - ********************************************************************************************************************************************
2025-06-16 16:18:18,925 - ERROR - !!! file  not yet supported
2025-06-16 16:18:18,926 - ERROR - !!! There were 1 errors during 2.39 secondes, check the log file ~\..\pyCreateTh.log
2025-06-16 19:05:25,443 - INFO - ********************************************************************************************************************************************
2025-06-16 19:05:25,445 - INFO - * Conversion Th, Dat, Mak files to Therion files and folders
2025-06-16 19:05:25,445 - INFO - *       Script pyCreateTh by : alexandre.pont@yahoo.fr
2025-06-16 19:05:25,445 - INFO - *       Version : 2025.06.16
2025-06-16 19:05:25,445 - INFO - *       Input file : 
2025-06-16 19:05:25,446 - INFO - *       Output file : ~\.
2025-06-16 19:05:25,446 - INFO - *       Log file : ~\..\pyCreateTh.log
2025-06-16 19:05:25,446 - INFO - *       
2025-06-16 19:05:25,446 - INFO - *       
2025-06-16 19:05:25,446 - INFO - *       
2025-06-16 19:05:25,447 - INFO - ********************************************************************************************************************************************
2025-06-16 19:05:25,448 - ERROR - !!! file  not yet supported
2025-06-16 19:05:25,448 - ERROR - !!! There were 1 errors during 13.29 secondes, check the log file ~\..\pyCreateTh.log
2025-06-16 21:47:56,145 - INFO - ********************************************************************************************************************************************
2025-06-16 21:47:56,149 - INFO - * Conversion Th, Dat, Mak files to Therion files and folders
2025-06-16 21:47:56,150 - INFO - *       Script pyCreateTh by : alexandre.pont@yahoo.fr
2025-06-16 21:47:56,150 - INFO - *       Version : 2025.06.16
2025-06-16 21:47:56,150 - INFO - *       Input file : 
2025-06-16 21:47:56,150 - INFO - *       Output file : ~\.
2025-06-16 21:47:56,151 - INFO - *       Log file : ~\..\pyCreateTh.log
2025-06-16 21:47:56,151 - INFO - *       
2025-06-16 21:47:56,151 - INFO - *       
2025-06-16 21:47:56,151 - INFO - *       
2025-06-16 21:47:56,152 - INFO - ********************************************************************************************************************************************
2025-06-16 21:47:56,153 - ERROR - !!! file  not yet supported
2025-06-16 21:47:56,154 - ERROR - !!! There were 1 errors during 3.19 secondes, check the log file ~\..\pyCreateTh.log
2025-06-17 18:45:15,108 - INFO - ********************************************************************************************************************************************
2025-06-17 18:45:15,108 - INFO - * Conversion Th, Dat, Mak files to Therion files and folders
2025-06-17 18:45:15,109 - INFO - *       Script pyCreateTh by : alexandre.pont@yahoo.fr
2025-06-17 18:45:15,109 - INFO - *       Version : 2025.06.17
2025-06-17 18:45:15,109 - INFO - *       Input file : 
2025-06-17 18:45:15,109 - INFO - *       Output file : ~\.
2025-06-17 18:45:15,110 - INFO - *       Log file : ~\..\pyCreateTh.log
2025-06-17 18:45:15,110 - INFO - *       
2025-06-17 18:45:15,110 - INFO - *       
2025-06-17 18:45:15,110 - INFO - *       
2025-06-17 18:45:15,111 - INFO - ********************************************************************************************************************************************
2025-06-17 18:45:15,112 - ERROR - !!! file  not yet supported
2025-06-17 18:45:15,112 - ERROR - !!! There were 1 errors during 3.06 secondes, check the log file ~\..\pyCreateTh.log
2025-06-18 21:39:26,689 - INFO - ********************************************************************************************************************************************
2025-06-18 21:39:26,689 - INFO - * Conversion Th, Dat, Mak files to Therion files and folders
2025-06-18 21:39:26,690 - INFO - *       Script pyCreateTh by : alexandre.pont@yahoo.fr
2025-06-18 21:39:26,690 - INFO - *       Version : 2025.06.18
2025-06-18 21:39:26,690 - INFO - *       Input file : 
2025-06-18 21:39:26,690 - INFO - *       Output file : ~\.
2025-06-18 21:39:26,690 - INFO - *       Log file : ~\..\pyCreateTh.log
2025-06-18 21:39:26,690 - INFO - *       
2025-06-18 21:39:26,691 - INFO - *       
2025-06-18 21:39:26,691 - INFO - *       
2025-06-18 21:39:26,691 - INFO - ********************************************************************************************************************************************
2025-06-18 21:39:26,692 - ERROR - !!! file  not yet supported
2025-06-18 21:39:26,692 - ERROR - !!! There were 1 errors during 32.63 secondes, check the log file ~\..\pyCreateTh.log
2025-06-19 08:27:09,067 - INFO - ********************************************************************************************************************************************
2025-06-19 08:27:09,068 - INFO - * Conversion Th, Dat, Mak files to Therion files and folders
2025-06-19 08:27:09,068 - INFO - *       Script pyCreateTh by : alexandre.pont@yahoo.fr
2025-06-19 08:27:09,068 - INFO - *       Version : 2025.06.18
2025-06-19 08:27:09,068 - INFO - *       Input file : 
2025-06-19 08:27:09,068 - INFO - *       Output file : ~\.
2025-06-19 08:27:09,069 - INFO - *       Log file : ~\..\pyCreateTh.log
2025-06-19 08:27:09,069 - INFO - *       
2025-06-19 08:27:09,069 - INFO - *       
2025-06-19 08:27:09,070 - INFO - *       
2025-06-19 08:27:09,070 - INFO - ********************************************************************************************************************************************
2025-06-19 08:27:09,071 - ERROR - !!! file  not yet supported
2025-06-19 08:27:09,071 - ERROR - !!! There were 1 errors during 3.02 secondes, check the log file ~\..\pyCreateTh.log
2025-06-19 15:01:03,588 - INFO - ********************************************************************************************************************************************
2025-06-19 15:01:03,592 - INFO - * Conversion Th, Dat, Mak files to Therion files and folders
2025-06-19 15:01:03,592 - INFO - *       Script pyCreateTh by : alexandre.pont@yahoo.fr
2025-06-19 15:01:03,592 - INFO - *       Version : 2025.06.18
2025-06-19 15:01:03,593 - INFO - *       Input file : 
2025-06-19 15:01:03,593 - INFO - *       Output file : ~\.
2025-06-19 15:01:03,593 - INFO - *       Log file : ~\..\pyCreateTh.log
2025-06-19 15:01:03,593 - INFO - *       
2025-06-19 15:01:03,594 - INFO - *       
2025-06-19 15:01:03,594 - INFO - *       
2025-06-19 15:01:03,594 - INFO - ********************************************************************************************************************************************
2025-06-19 15:01:03,595 - ERROR - !!! file  not yet supported
2025-06-19 15:01:03,595 - ERROR - !!! There were 1 errors during 3.53 secondes, check the log file ~\..\pyCreateTh.log
2025-06-19 23:34:59,337 - INFO - ********************************************************************************************************************************************
2025-06-19 23:34:59,341 - INFO - * Conversion Th, Dat, Mak files to Therion files and folders
2025-06-19 23:34:59,341 - INFO - *       Script pyCreateTh by : alexandre.pont@yahoo.fr
2025-06-19 23:34:59,341 - INFO - *       Version : 2025.06.18
2025-06-19 23:34:59,341 - INFO - *       Input file : 
2025-06-19 23:34:59,342 - INFO - *       Output file : ~\.
2025-06-19 23:34:59,342 - INFO - *       Log file : ~\..\pyCreateTh.log
2025-06-19 23:34:59,342 - INFO - *       
2025-06-19 23:34:59,342 - INFO - *       
2025-06-19 23:34:59,342 - INFO - *       
2025-06-19 23:34:59,342 - INFO - ********************************************************************************************************************************************
2025-06-19 23:34:59,343 - ERROR - !!! file  not yet supported
