therion 6.3.1 (2024-11-22)
  - using Proj 9.4.1, compiled against 9.4.1
initialization file: C:\Program Files\Therion/therion.ini
reading ... done
configuration file: AP7_Aval.thconfig
reading ... done
reading source files ... done
preprocessing database ... done
scanning centreline tree ... done
searching for centerline loops ... done
calculating station coordinates ... done
average loop error: 1.47%
calculating basic statistics ... done
processing extended elevation ... done
processing references ... done
selecting export objects ... done
processing projection plan ... done
average distortion: 0.00%
writing Data/AP7_Aval-Plan.xvi ... done
processing projection extended ... done
average distortion: 0.00%
writing Data/AP7_Aval-Extended.xvi ... done


############### export maps & scraps selection #################
M    -5.21 MP-AP7_Aval-Plan-tot@AP7_Aval (AP7_Aval)
S    -5.21 SP-AP7_Aval_01@AP7_Aval ()
S     -.-- SP-AP7_Aval_02@AP7_Aval ()
S     -.-- SP-AP7_Aval_03@AP7_Aval ()
S     -.-- SP-AP7_Aval_04@AP7_Aval ()
S     -.-- SP-AP7_Aval_05@AP7_Aval ()
S     -.-- SP-AP7_Aval_06@AP7_Aval ()
S     -.-- SP-AP7_Aval_07@AP7_Aval ()
S     -.-- SP-AP7_Aval_08@AP7_Aval ()
S     -.-- SP-AP7_Aval_09@AP7_Aval ()
S     -.-- SP-AP7_Aval_10@AP7_Aval ()
S     -.-- SP-AP7_Aval_11@AP7_Aval ()
S     -.-- SP-AP7_Aval_12@AP7_Aval ()
S     -.-- SP-AP7_Aval_13@AP7_Aval ()
S     -.-- SP-AP7_Aval_14@AP7_Aval ()
S     -.-- SP-AP7_Aval_15@AP7_Aval ()
S     -.-- SP-AP7_Aval_16@AP7_Aval ()
S     -.-- SP-AP7_Aval_17@AP7_Aval ()
S     -.-- SP-AP7_Aval_18@AP7_Aval ()
S     -.-- SP-AP7_Aval_19@AP7_Aval ()
S     -.-- SP-AP7_Aval_20@AP7_Aval ()
S     -.-- SP-AP7_Aval_21@AP7_Aval ()
S     -.-- SP-AP7_Aval_22@AP7_Aval ()
S     -.-- SP-AP7_Aval_23@AP7_Aval ()
########## end of export maps & scraps selection ###############
writing Outputs/AP7_Aval-Plan.pdf ...
####################### metapost log file ########################
This is MetaPost, version 2.01 (TeX Live 2021/W32TeX) (kpathsea version 6.3.3)  22 DEC 2024 16:33
**data.mp
(c:/Program Files/Therion/texmf/mpost/mpost.mp
(c:/Program Files/Therion/texmf/mpost/plain.mp
Preloading the plain mem file, version 1.005) ) (./data.mp
{randomseed:=42}
 [1] [2] [3] [4]
[5] [6] [7] [8] [9] [10] [11] [12] [13] [14]
[15] [1] [2] [3] (./mptextmp.mp) [4] (./mptextmp.mp) (./mptextmp.mp)
(./mptextmp.mp) (./mptextmp.mp) (./mptextmp.mp) (./mptextmp.mp) [5] [6] [7]
[8] [9] [10] [11] [12] [13] [14] [15] [16] [17] )
 
Here is how much of MetaPost's memory you used:
 52260 strings using 1598723 characters
 4710512 bytes of node memory
 1745 symbolic tokens
 9i,82n,16p,312b,5f stack positions out of 16i,98n,20p,312b,6f
32 output files written: data-patt.1 .. data.17


#################### end of metapost log file ####################
converting scraps ... done
making map ... done
######################## pdftex log file #########################
This is pdfTeX, Version 3.141592653-2.6-1.40.22 (TeX Live 2021/W32TeX) (preloaded format=pdfetex 2023.12.2)  22 DEC 2024 16:33
entering extended mode
**data.tex
(./data.tex (./th_enc.tex) (./th_texts.tex) (./th_resources.tex
(c:/Program Files/Therion/texmf/tex/glyphtounicode.tex)) (./th_fontdef.tex{c:/P
rogram Files/Therion/texmf/fonts/pdftex.map})
(./th_formdef.tex) (./th_pagedef.tex (./th_legend.tex)) (./th_pages.tex)
 64 numeric registers used out of 32768

[1] ) 
Here is how much of TeX's memory you used:
 325 strings out of 95671
 4285 string characters out of 1192323
 582645 words of memory out of 2028688
 1718 multiletter control sequences out of 15000+50000
 21229 words of font info for 66 fonts, out of 1000000 for 2000
 844 hyphenation exceptions out of 5000
 12i,5n,8p,715b,75s stack positions out of 5000i,500n,10000p,200000b,50000s
<c:/Program Files/Therion/texmf/fonts/type1/cmss10.pfb><c:/Program Files/T
herion/texmf/fonts/type1/cmssi10.pfb><c:/Program Files/Therion/texmf/fonts/type
1/csss10.pfb><c:/Program Files/Therion/texmf/fonts/type1/csssi10.pfb>
Output written on data.pdf (1 page, 183004 bytes).
PDF statistics:
 74 PDF objects out of 1000 (max. 8388607)
 42 compressed objects within 1 object stream
 0 named destinations out of 1000 (max. 500000)
 145 words of extra memory for PDF output out of 10000 (max. 10000000)


##################### end of pdftex log file #####################
done


############### export maps & scraps selection #################
M     0.00 MC-AP7_Aval-Extended-tot@AP7_Aval (AP7_Aval)
S     0.00 SC-AP7_Aval_01@AP7_Aval ()
S     -.-- SC-AP7_Aval_02@AP7_Aval ()
S     -.-- SC-AP7_Aval_03@AP7_Aval ()
S     -.-- SC-AP7_Aval_04@AP7_Aval ()
S     -.-- SC-AP7_Aval_05@AP7_Aval ()
S     -.-- SC-AP7_Aval_06@AP7_Aval ()
S     -.-- SC-AP7_Aval_07@AP7_Aval ()
S     -.-- SC-AP7_Aval_08@AP7_Aval ()
S     -.-- SC-AP7_Aval_09@AP7_Aval ()
S     -.-- SC-AP7_Aval_10@AP7_Aval ()
S     -.-- SC-AP7_Aval_11@AP7_Aval ()
S     -.-- SC-AP7_Aval_12@AP7_Aval ()
S     -.-- SC-AP7_Aval_13@AP7_Aval ()
S     -.-- SC-AP7_Aval_14@AP7_Aval ()
S     -.-- SC-AP7_Aval_15@AP7_Aval ()
S     -.-- SC-AP7_Aval_16@AP7_Aval ()
S     -.-- SC-AP7_Aval_17@AP7_Aval ()
S     -.-- SC-AP7_Aval_18@AP7_Aval ()
S     -.-- SC-AP7_Aval_19@AP7_Aval ()
S     -.-- SC-AP7_Aval_20@AP7_Aval ()
S     -.-- SC-AP7_Aval_21@AP7_Aval ()
S     -.-- SC-AP7_Aval_22@AP7_Aval ()
S     -.-- SC-AP7_Aval_23@AP7_Aval ()
########## end of export maps & scraps selection ###############
writing Outputs/AP7_Aval-Extended.pdf ...
####################### metapost log file ########################
This is MetaPost, version 2.01 (TeX Live 2021/W32TeX) (kpathsea version 6.3.3)  22 DEC 2024 16:33
**data.mp
(c:/Program Files/Therion/texmf/mpost/mpost.mp
(c:/Program Files/Therion/texmf/mpost/plain.mp
Preloading the plain mem file, version 1.005) ) (./data.mp
{randomseed:=42}
 [1] [2] [3] [4]
[5] [6] [7] [8] [9] [10] [11] [12] [13] [14]
[15] [1] [2] [3] (./mptextmp.mp) [4] (./mptextmp.mp) (./mptextmp.mp)
(./mptextmp.mp) (./mptextmp.mp) (./mptextmp.mp) (./mptextmp.mp) [5] [6] [7]
[8] )
 
Here is how much of MetaPost's memory you used:
 54691 strings using 1717517 characters
 4776176 bytes of node memory
 1745 symbolic tokens
 9i,82n,16p,312b,5f stack positions out of 16i,98n,20p,312b,6f
23 output files written: data-patt.1 .. data-patt.15


#################### end of metapost log file ####################
converting scraps ... done
making map ... done
######################## pdftex log file #########################
This is pdfTeX, Version 3.141592653-2.6-1.40.22 (TeX Live 2021/W32TeX) (preloaded format=pdfetex 2023.12.2)  22 DEC 2024 16:33
entering extended mode
**data.tex
(./data.tex (./th_enc.tex) (./th_texts.tex) (./th_resources.tex
(c:/Program Files/Therion/texmf/tex/glyphtounicode.tex)) (./th_fontdef.tex{c:/P
rogram Files/Therion/texmf/fonts/pdftex.map})
(./th_formdef.tex) (./th_pagedef.tex (./th_legend.tex)) (./th_pages.tex)
 55 numeric registers used out of 32768

[1] ) 
Here is how much of TeX's memory you used:
 316 strings out of 95671
 4213 string characters out of 1192323
 586898 words of memory out of 2029941
 1709 multiletter control sequences out of 15000+50000
 21229 words of font info for 66 fonts, out of 1000000 for 2000
 844 hyphenation exceptions out of 5000
 12i,5n,8p,715b,75s stack positions out of 5000i,500n,10000p,200000b,50000s
<c:/Program Files/Therion/texmf/fonts/type1/cmss10.pfb><c:/Program Files/T
herion/texmf/fonts/type1/cmssi10.pfb><c:/Program Files/Therion/texmf/fonts/type
1/csss10.pfb><c:/Program Files/Therion/texmf/fonts/type1/csssi10.pfb>
Output written on data.pdf (1 page, 178565 bytes).
PDF statistics:
 56 PDF objects out of 1000 (max. 8388607)
 33 compressed objects within 1 object stream
 0 named destinations out of 1000 (max. 500000)
 91 words of extra memory for PDF output out of 10000 (max. 10000000)


##################### end of pdftex log file #####################
done
writing Outputs/AP7_Aval.lox .......................... done
C:\Program Files\Therion\therion.exe: warning -- data not georeferenced -- unable to export KML file
writing Outputs/AP7_Aval-Cave-list.html ... done
writing Outputs/AP7_Aval-Surveys.html ... done
writing xtherion file ... done
compilation time: 4 sec


######################### loop errors ##########################
REL-ERR ABS-ERR TOTAL-L STS X-ERROR Y-ERROR Z-ERROR STATIONS
  4.61%    1.0m   20.7m   7   -0.8m   -0.3m    0.3m [SF48@AP7_Aval.AP7_Aval - SF54 - SF53 - SF52 - SF51 - SF50 - SF49 - SF48]
  2.46%    2.7m  108.0m  27   -0.1m   -0.0m    2.7m [RN01@AP7_Aval.AP7_Aval - Z00 - Z01 - Z02 - Z03 - Z10 - Z11 - Z12 - Z13 - Z14 - Z15 - Z16 - Z17 - Z18 - Z19 - Y07 - Y06 - Y05 - Y04 - Y03 - Y02 - Y01 - GN05 - GN04 - GN03 - GN02 - GN01 - RN01]
  0.18%    0.3m  167.2m  38   -0.0m    0.0m   -0.3m [Z03@AP7_Aval.AP7_Aval - Z04 - Z05 - Z06 - Z07 - Z08 - C17 - C16 - C15 - C14 - C13 - C12 - C11 - C10 - C09 - C08 - C07 - C06 - C05 - C04 - C03 - C02 - C01 - RN20 - RN11 - RN10 - RN09 - RN08 - RN07 - RN06 - RN05 - RN04 - RN03 - RN02 - RN01 - Z00 - Z01 - Z02 - Z03]
##################### end of loop errors #######################


###################### scrap distortions #######################
 PROJECTION: plan
 AVERAGE  MAXIMAL  SCRAP
   0.00%   64.31%  SP-AP7_Aval_01@AP7_Aval
   0.00%    0.00%  SP-AP7_Aval_12@AP7_Aval
   0.00%    0.00%  SP-AP7_Aval_23@AP7_Aval
   0.00%    0.00%  SP-AP7_Aval_22@AP7_Aval
   0.00%    0.00%  SP-AP7_Aval_21@AP7_Aval
   0.00%    0.00%  SP-AP7_Aval_20@AP7_Aval
   0.00%    0.00%  SP-AP7_Aval_19@AP7_Aval
   0.00%    0.00%  SP-AP7_Aval_18@AP7_Aval
   0.00%    0.00%  SP-AP7_Aval_17@AP7_Aval
   0.00%    0.00%  SP-AP7_Aval_16@AP7_Aval
   0.00%    0.00%  SP-AP7_Aval_15@AP7_Aval
   0.00%    0.00%  SP-AP7_Aval_14@AP7_Aval
   0.00%    0.00%  SP-AP7_Aval_13@AP7_Aval
   0.00%    0.00%  SP-AP7_Aval_11@AP7_Aval
   0.00%    0.00%  SP-AP7_Aval_10@AP7_Aval
   0.00%    0.00%  SP-AP7_Aval_09@AP7_Aval
   0.00%    0.00%  SP-AP7_Aval_08@AP7_Aval
   0.00%    0.00%  SP-AP7_Aval_07@AP7_Aval
   0.00%    0.00%  SP-AP7_Aval_06@AP7_Aval
   0.00%    0.00%  SP-AP7_Aval_05@AP7_Aval
   0.00%    0.00%  SP-AP7_Aval_04@AP7_Aval
   0.00%    0.00%  SP-AP7_Aval_03@AP7_Aval
   0.00%    0.00%  SP-AP7_Aval_02@AP7_Aval
################### end of scrap distortions ###################


###################### scrap distortions #######################
 PROJECTION: extended
 AVERAGE  MAXIMAL  SCRAP
   0.00%    0.28%  SC-AP7_Aval_01@AP7_Aval
   0.00%    0.00%  SC-AP7_Aval_12@AP7_Aval
   0.00%    0.00%  SC-AP7_Aval_23@AP7_Aval
   0.00%    0.00%  SC-AP7_Aval_22@AP7_Aval
   0.00%    0.00%  SC-AP7_Aval_21@AP7_Aval
   0.00%    0.00%  SC-AP7_Aval_20@AP7_Aval
   0.00%    0.00%  SC-AP7_Aval_19@AP7_Aval
   0.00%    0.00%  SC-AP7_Aval_18@AP7_Aval
   0.00%    0.00%  SC-AP7_Aval_17@AP7_Aval
   0.00%    0.00%  SC-AP7_Aval_16@AP7_Aval
   0.00%    0.00%  SC-AP7_Aval_15@AP7_Aval
   0.00%    0.00%  SC-AP7_Aval_14@AP7_Aval
   0.00%    0.00%  SC-AP7_Aval_13@AP7_Aval
   0.00%    0.00%  SC-AP7_Aval_11@AP7_Aval
   0.00%    0.00%  SC-AP7_Aval_10@AP7_Aval
   0.00%    0.00%  SC-AP7_Aval_09@AP7_Aval
   0.00%    0.00%  SC-AP7_Aval_08@AP7_Aval
   0.00%    0.00%  SC-AP7_Aval_07@AP7_Aval
   0.00%    0.00%  SC-AP7_Aval_06@AP7_Aval
   0.00%    0.00%  SC-AP7_Aval_05@AP7_Aval
   0.00%    0.00%  SC-AP7_Aval_04@AP7_Aval
   0.00%    0.00%  SC-AP7_Aval_03@AP7_Aval
   0.00%    0.00%  SC-AP7_Aval_02@AP7_Aval
################### end of scrap distortions ###################
